<?xml version="1.0" encoding="UTF-8"?>
<testsuites name="UAT Test Suite" time="198.577" tests="1" failures="1" errors="0">
   <testsuite name="UAT Test Suite" tests="1" failures="1" errors="0" time="198.577" timestamp="2020-08-06 12:21:25" hostname="LENOVO - DESKTOP-CP3TV4N" id="Test Suites/Maya UAT/UAT Test Suite">
      <properties>
         <property name="deviceName" value="Xiaomi Redmi Note 7S (Android 9)"/>
         <property name="devicePlatform" value=""/>
         <property name="logFolder" value="C:\\Users\\LENOVO\\Git_new\\Maya\\Reports\\20200806_122122\\Maya UAT\\UAT Test Suite\\20200806_122122"/>
         <property name="logFiles" value="C:\\Users\\LENOVO\\Git_new\\Maya\\Reports\\20200806_122122\\Maya UAT\\UAT Test Suite\\20200806_122122\\appium.log, C:\\Users\\LENOVO\\Git_new\\Maya\\Reports\\20200806_122122\\Maya UAT\\UAT Test Suite\\20200806_122122\\execution0.log"/>
         <property name="attachments" value="C:\\Users\\LENOVO\\Screenshot\\BusTicket\\Ticket1.png, C:\\Users\\LENOVO\\Screenshot\\BusTicket\\Ticket2.png, C:\\Users\\LENOVO\\Screenshot\\BusTicket\\Ticket15.png, C:\\Users\\LENOVO\\Screenshot\\BusTicket\\Ticket3.png, C:\\Users\\LENOVO\\Screenshot\\BusTicket\\Ticket4.png, C:\\Users\\LENOVO\\Screenshot\\BusTicket\\Ticket41.png, C:\\Users\\LENOVO\\Git_new\\Maya\\Reports\\20200806_122122\\Maya UAT\\UAT Test Suite\\20200806_122122\\1596687877905.png, C:\\Users\\LENOVO\\Git_new\\Maya\\Reports\\20200806_122122\\Maya UAT\\UAT Test Suite\\20200806_122122\\1596687878852.png"/>
         <property name="hostName" value="LENOVO - DESKTOP-CP3TV4N"/>
         <property name="os" value="Windows 10 64bit"/>
         <property name="appiumServerStatus" value="{\&quot;value\&quot;:{\&quot;build\&quot;:{\&quot;version\&quot;:\&quot;1.15.1\&quot;}},\&quot;sessionId\&quot;:null,\&quot;status\&quot;:0}"/>
         <property name="katalonVersion" value="7.2.7.1"/>
         <property name="deviceOS" value="Android"/>
         <property name="appiumVersion" value="1.15.1"/>
         <property name="deviceModel" value="Redmi Note 7S"/>
         <property name="hostAddress" value="192.168.43.112"/>
         <property name="deviceManufacturer" value="Xiaomi"/>
         <property name="deviceId" value="11cb9864"/>
         <property name="deviceName" value="Xiaomi Redmi Note 7S (Android 9)"/>
         <property name="deviceOSVersion" value="9"/>
      </properties>
      <testcase name="Test Cases/JINU/Bus Ticket/Bus Ticket 2" time="194.041" classname="Test Cases/JINU/Bus Ticket/Bus Ticket 2" status="FAILED">
         <failure type="FAILED" message="Test Cases/JINU/Bus Ticket/Bus Ticket 2 FAILED.
Reason:
com.kms.katalon.core.exception.StepFailedException: Element 'Object Repository/Maya/Bus Ticket/android.widget.TextView0 -  Selected seats (1)' not found
	at com.kms.katalon.core.keyword.internal.KeywordMain.stepFailed(KeywordMain.groovy:50)
	at com.kms.katalon.core.mobile.keyword.internal.MobileKeywordMain.stepFailed(MobileKeywordMain.groovy:40)
	at com.kms.katalon.core.mobile.keyword.builtin.VerifyElementExistKeyword$_verifyElementExist_closure1.doCall(VerifyElementExistKeyword.groovy:77)
	at com.kms.katalon.core.mobile.keyword.builtin.VerifyElementExistKeyword$_verifyElementExist_closure1.call(VerifyElementExistKeyword.groovy)
	at com.kms.katalon.core.mobile.keyword.internal.MobileKeywordMain.runKeyword(MobileKeywordMain.groovy:21)
	at com.kms.katalon.core.mobile.keyword.builtin.VerifyElementExistKeyword.verifyElementExist(VerifyElementExistKeyword.groovy:80)
	at com.kms.katalon.core.mobile.keyword.builtin.VerifyElementExistKeyword.execute(VerifyElementExistKeyword.groovy:64)
	at com.kms.katalon.core.keyword.internal.KeywordExecutor.executeKeywordForPlatform(KeywordExecutor.groovy:72)
	at com.kms.katalon.core.mobile.keyword.MobileBuiltInKeywords.verifyElementExist(MobileBuiltInKeywords.groovy:793)
	at com.kms.katalon.core.mobile.keyword.MobileBuiltInKeywords$verifyElementExist$7.call(Unknown Source)
	at Bus Ticket 2.run(Bus Ticket 2:208)
	at com.kms.katalon.core.main.ScriptEngine.run(ScriptEngine.java:194)
	at com.kms.katalon.core.main.ScriptEngine.runScriptAsRawText(ScriptEngine.java:119)
	at com.kms.katalon.core.main.TestCaseExecutor.runScript(TestCaseExecutor.java:337)
	at com.kms.katalon.core.main.TestCaseExecutor.doExecute(TestCaseExecutor.java:328)
	at com.kms.katalon.core.main.TestCaseExecutor.processExecutionPhase(TestCaseExecutor.java:307)
	at com.kms.katalon.core.main.TestCaseExecutor.accessMainPhase(TestCaseExecutor.java:299)
	at com.kms.katalon.core.main.TestCaseExecutor.execute(TestCaseExecutor.java:233)
	at com.kms.katalon.core.main.TestSuiteExecutor.accessTestCaseMainPhase(TestSuiteExecutor.java:169)
	at com.kms.katalon.core.main.TestSuiteExecutor.accessTestSuiteMainPhase(TestSuiteExecutor.java:142)
	at com.kms.katalon.core.main.TestSuiteExecutor.execute(TestSuiteExecutor.java:91)
	at com.kms.katalon.core.main.TestCaseMain.startTestSuite(TestCaseMain.java:157)
	at com.kms.katalon.core.main.TestCaseMain$startTestSuite$0.call(Unknown Source)
	at TempTestSuite1596687682285.run(TempTestSuite1596687682285.groovy:36)
"/>
         <system-out><![CDATA[2020-08-06 12:21:25 - [TEST_CASE][FAILED] - Test Cases/JINU/Bus Ticket/Bus Ticket 2: Test Cases/JINU/Bus Ticket/Bus Ticket 2 FAILED.
Reason:
com.kms.katalon.core.exception.StepFailedException: Element 'Object Repository/Maya/Bus Ticket/android.widget.TextView0 -  Selected seats (1)' not found
	at com.kms.katalon.core.keyword.internal.KeywordMain.stepFailed(KeywordMain.groovy:50)
	at com.kms.katalon.core.mobile.keyword.internal.MobileKeywordMain.stepFailed(MobileKeywordMain.groovy:40)
	at com.kms.katalon.core.mobile.keyword.builtin.VerifyElementExistKeyword$_verifyElementExist_closure1.doCall(VerifyElementExistKeyword.groovy:77)
	at com.kms.katalon.core.mobile.keyword.builtin.VerifyElementExistKeyword$_verifyElementExist_closure1.call(VerifyElementExistKeyword.groovy)
	at com.kms.katalon.core.mobile.keyword.internal.MobileKeywordMain.runKeyword(MobileKeywordMain.groovy:21)
	at com.kms.katalon.core.mobile.keyword.builtin.VerifyElementExistKeyword.verifyElementExist(VerifyElementExistKeyword.groovy:80)
	at com.kms.katalon.core.mobile.keyword.builtin.VerifyElementExistKeyword.execute(VerifyElementExistKeyword.groovy:64)
	at com.kms.katalon.core.keyword.internal.KeywordExecutor.executeKeywordForPlatform(KeywordExecutor.groovy:72)
	at com.kms.katalon.core.mobile.keyword.MobileBuiltInKeywords.verifyElementExist(MobileBuiltInKeywords.groovy:793)
	at com.kms.katalon.core.mobile.keyword.MobileBuiltInKeywords$verifyElementExist$7.call(Unknown Source)
	at Bus Ticket 2.run(Bus Ticket 2:208)
	at com.kms.katalon.core.main.ScriptEngine.run(ScriptEngine.java:194)
	at com.kms.katalon.core.main.ScriptEngine.runScriptAsRawText(ScriptEngine.java:119)
	at com.kms.katalon.core.main.TestCaseExecutor.runScript(TestCaseExecutor.java:337)
	at com.kms.katalon.core.main.TestCaseExecutor.doExecute(TestCaseExecutor.java:328)
	at com.kms.katalon.core.main.TestCaseExecutor.processExecutionPhase(TestCaseExecutor.java:307)
	at com.kms.katalon.core.main.TestCaseExecutor.accessMainPhase(TestCaseExecutor.java:299)
	at com.kms.katalon.core.main.TestCaseExecutor.execute(TestCaseExecutor.java:233)
	at com.kms.katalon.core.main.TestSuiteExecutor.accessTestCaseMainPhase(TestSuiteExecutor.java:169)
	at com.kms.katalon.core.main.TestSuiteExecutor.accessTestSuiteMainPhase(TestSuiteExecutor.java:142)
	at com.kms.katalon.core.main.TestSuiteExecutor.execute(TestSuiteExecutor.java:91)
	at com.kms.katalon.core.main.TestCaseMain.startTestSuite(TestCaseMain.java:157)
	at com.kms.katalon.core.main.TestCaseMain$startTestSuite$0.call(Unknown Source)
	at TempTestSuite1596687682285.run(TempTestSuite1596687682285.groovy:36)


2020-08-06 12:21:26 - [TEST_STEP][PASSED] - startApplication("C:\Users\LENOVO\Katalon Studio\app-uat-universal-release.apk", false): Started app at: 'C:\Users\LENOVO\Katalon Studio\app-uat-universal-release.apk'

2020-08-06 12:21:26 - [MESSAGE][INFO] - User set preference: ['appWaitActivity', '*']

2020-08-06 12:21:26 - [MESSAGE][INFO] - User set preference: ['appWaitPackage', 'com.maybank2u.life.uat']

2020-08-06 12:21:26 - [MESSAGE][INFO] - User set preference: ['appWaitDuration', '50,000']

2020-08-06 12:21:26 - [MESSAGE][INFO] - User set preference: ['deviceId', '11cb9864']

2020-08-06 12:21:29 - [MESSAGE][INFO] - Appium server started on port 50,700

2020-08-06 12:21:54 - [MESSAGE][PASSED] - Started app at: 'C:\Users\LENOVO\Katalon Studio\app-uat-universal-release.apk'

2020-08-06 12:21:54 - [TEST_STEP][PASSED] - tap(findTestObject("Maya/DuitnowRegT/android.widget.ImageView0"), 0): Tapped on element 'Object Repository/Maya/DuitnowRegT/android.widget.ImageView0'

2020-08-06 12:21:54 - [MESSAGE][WARNING] - Timeout '0' is invalid. Using default page load timeout: '10'

2020-08-06 12:22:06 - [MESSAGE][PASSED] - Tapped on element 'Object Repository/Maya/DuitnowRegT/android.widget.ImageView0'

2020-08-06 12:22:06 - [TEST_STEP][PASSED] - tap(findTestObject("Maya/DuitnowRegT/android.widget.TextView0 - 2"), 0): Tapped on element 'Object Repository/Maya/DuitnowRegT/android.widget.TextView0 - 2'

2020-08-06 12:22:06 - [MESSAGE][WARNING] - Timeout '0' is invalid. Using default page load timeout: '10'

2020-08-06 12:22:10 - [MESSAGE][PASSED] - Tapped on element 'Object Repository/Maya/DuitnowRegT/android.widget.TextView0 - 2'

2020-08-06 12:22:10 - [TEST_STEP][PASSED] - tap(findTestObject("Maya/DuitnowRegT/android.widget.TextView0 - 3"), 0): Tapped on element 'Object Repository/Maya/DuitnowRegT/android.widget.TextView0 - 3'

2020-08-06 12:22:11 - [MESSAGE][WARNING] - Timeout '0' is invalid. Using default page load timeout: '10'

2020-08-06 12:22:12 - [MESSAGE][PASSED] - Tapped on element 'Object Repository/Maya/DuitnowRegT/android.widget.TextView0 - 3'

2020-08-06 12:22:12 - [TEST_STEP][PASSED] - tap(findTestObject("Maya/DuitnowRegT/android.widget.TextView0 - 0"), 0): Tapped on element 'Object Repository/Maya/DuitnowRegT/android.widget.TextView0 - 0'

2020-08-06 12:22:13 - [MESSAGE][WARNING] - Timeout '0' is invalid. Using default page load timeout: '10'

2020-08-06 12:22:17 - [MESSAGE][PASSED] - Tapped on element 'Object Repository/Maya/DuitnowRegT/android.widget.TextView0 - 0'

2020-08-06 12:22:17 - [TEST_STEP][PASSED] - tap(findTestObject("Maya/DuitnowRegT/android.widget.TextView0 - 9"), 0): Tapped on element 'Object Repository/Maya/DuitnowRegT/android.widget.TextView0 - 9'

2020-08-06 12:22:17 - [MESSAGE][WARNING] - Timeout '0' is invalid. Using default page load timeout: '10'

2020-08-06 12:22:19 - [MESSAGE][PASSED] - Tapped on element 'Object Repository/Maya/DuitnowRegT/android.widget.TextView0 - 9'

2020-08-06 12:22:20 - [TEST_STEP][PASSED] - tap(findTestObject("Maya/DuitnowRegT/android.widget.TextView0 - 8"), 0): Tapped on element 'Object Repository/Maya/DuitnowRegT/android.widget.TextView0 - 8'

2020-08-06 12:22:20 - [MESSAGE][WARNING] - Timeout '0' is invalid. Using default page load timeout: '10'

2020-08-06 12:22:22 - [MESSAGE][PASSED] - Tapped on element 'Object Repository/Maya/DuitnowRegT/android.widget.TextView0 - 8'

2020-08-06 12:22:22 - [TEST_STEP][PASSED] - tap(findTestObject("Maya/DuitnowRegT/android.widget.TextView0 - 3"), 0): Tapped on element 'Object Repository/Maya/DuitnowRegT/android.widget.TextView0 - 3'

2020-08-06 12:22:22 - [MESSAGE][WARNING] - Timeout '0' is invalid. Using default page load timeout: '10'

2020-08-06 12:22:23 - [MESSAGE][PASSED] - Tapped on element 'Object Repository/Maya/DuitnowRegT/android.widget.TextView0 - 3'

2020-08-06 12:22:23 - [TEST_STEP][PASSED] - tap(findTestObject("Maya/DuitnowRegT/android.widget.ImageView0 (1)"), 0): Tapped on element 'Object Repository/Maya/DuitnowRegT/android.widget.ImageView0 (1)'

2020-08-06 12:22:23 - [MESSAGE][WARNING] - Timeout '0' is invalid. Using default page load timeout: '10'

2020-08-06 12:22:25 - [MESSAGE][PASSED] - Tapped on element 'Object Repository/Maya/DuitnowRegT/android.widget.ImageView0 (1)'

2020-08-06 12:22:25 - [TEST_STEP][PASSED] - tap(findTestObject("Maya/KLIA/android.widget.ImageView0 (4)"), 0): Tapped on element 'Object Repository/Maya/KLIA/android.widget.ImageView0 (4)'

2020-08-06 12:22:25 - [MESSAGE][WARNING] - Timeout '0' is invalid. Using default page load timeout: '10'

2020-08-06 12:22:28 - [MESSAGE][PASSED] - Tapped on element 'Object Repository/Maya/KLIA/android.widget.ImageView0 (4)'

2020-08-06 12:22:28 - [TEST_STEP][PASSED] - tap(findTestObject("Maya/KLIA/android.widget.TextView0 - More"), 0): Tapped on element 'Object Repository/Maya/KLIA/android.widget.TextView0 - More'

2020-08-06 12:22:28 - [MESSAGE][WARNING] - Timeout '0' is invalid. Using default page load timeout: '10'

2020-08-06 12:22:41 - [MESSAGE][PASSED] - Tapped on element 'Object Repository/Maya/KLIA/android.widget.TextView0 - More'

2020-08-06 12:22:41 - [TEST_STEP][PASSED] - delay(2, STOP_ON_FAILURE): Delayed 2 second(s)

2020-08-06 12:22:43 - [MESSAGE][PASSED] - Delayed 2 second(s)

2020-08-06 12:22:43 - [TEST_STEP][PASSED] - takeScreenshot("C:\Users\LENOVO\Screenshot\BusTicket\Ticket1.png", STOP_ON_FAILURE): Screenshot is taken

2020-08-06 12:22:44 - [MESSAGE][PASSED] - Screenshot is taken
[[ATTACHMENT|C:\\Users\\LENOVO\\Screenshot\\BusTicket\\Ticket1.png]]

2020-08-06 12:22:44 - [TEST_STEP][PASSED] - tap(findTestObject("Maya/Bus Ticket/android.widget.TextView0 - Bus Tickets (1)"), 0): Tapped on element 'Object Repository/Maya/Bus Ticket/android.widget.TextView0 - Bus Tickets (1)'

2020-08-06 12:22:44 - [MESSAGE][WARNING] - Timeout '0' is invalid. Using default page load timeout: '10'

2020-08-06 12:22:46 - [MESSAGE][PASSED] - Tapped on element 'Object Repository/Maya/Bus Ticket/android.widget.TextView0 - Bus Tickets (1)'

2020-08-06 12:22:46 - [TEST_STEP][PASSED] - delay(10, STOP_ON_FAILURE): Delayed 10 second(s)

2020-08-06 12:22:56 - [MESSAGE][PASSED] - Delayed 10 second(s)

2020-08-06 12:22:56 - [TEST_STEP][PASSED] - getText(findTestObject("Maya/Bus Ticket/android.view.View0 - From (1)"), 0): Text of element 'Object Repository/Maya/Bus Ticket/android.view.View0 - From (1)' is: 'From'

2020-08-06 12:22:56 - [MESSAGE][WARNING] - Timeout '0' is invalid. Using default page load timeout: '10'

2020-08-06 12:22:58 - [MESSAGE][PASSED] - Text of element 'Object Repository/Maya/Bus Ticket/android.view.View0 - From (1)' is: 'From'

2020-08-06 12:22:58 - [TEST_STEP][PASSED] - verifyElementExist(findTestObject("Maya/Bus Ticket/android.view.View0 - From (1)"), 0): Element 'Object Repository/Maya/Bus Ticket/android.view.View0 - From (1)' is exist

2020-08-06 12:22:58 - [MESSAGE][WARNING] - Timeout '0' is invalid. Using default page load timeout: '10'

2020-08-06 12:23:00 - [MESSAGE][PASSED] - Element 'Object Repository/Maya/Bus Ticket/android.view.View0 - From (1)' is exist

2020-08-06 12:23:00 - [TEST_STEP][PASSED] - getText(findTestObject("Maya/Bus Ticket/android.view.View0 - To (1)"), 0): Text of element 'Object Repository/Maya/Bus Ticket/android.view.View0 - To (1)' is: 'To'

2020-08-06 12:23:00 - [MESSAGE][WARNING] - Timeout '0' is invalid. Using default page load timeout: '10'

2020-08-06 12:23:00 - [MESSAGE][PASSED] - Text of element 'Object Repository/Maya/Bus Ticket/android.view.View0 - To (1)' is: 'To'

2020-08-06 12:23:00 - [TEST_STEP][PASSED] - verifyElementExist(findTestObject("Maya/Bus Ticket/android.view.View0 - To (1)"), 0): Element 'Object Repository/Maya/Bus Ticket/android.view.View0 - To (1)' is exist

2020-08-06 12:23:00 - [MESSAGE][WARNING] - Timeout '0' is invalid. Using default page load timeout: '10'

2020-08-06 12:23:01 - [MESSAGE][PASSED] - Element 'Object Repository/Maya/Bus Ticket/android.view.View0 - To (1)' is exist

2020-08-06 12:23:01 - [TEST_STEP][PASSED] - getText(findTestObject("Maya/Bus Ticket/android.view.View0 -  Depart (1)"), 0): Text of element 'Object Repository/Maya/Bus Ticket/android.view.View0 -  Depart (1)' is: ' Depart'

2020-08-06 12:23:01 - [MESSAGE][WARNING] - Timeout '0' is invalid. Using default page load timeout: '10'

2020-08-06 12:23:03 - [MESSAGE][PASSED] - Text of element 'Object Repository/Maya/Bus Ticket/android.view.View0 -  Depart (1)' is: ' Depart'

2020-08-06 12:23:03 - [TEST_STEP][PASSED] - verifyElementExist(findTestObject("Maya/Bus Ticket/android.view.View0 -  Depart (1)"), 0): Element 'Object Repository/Maya/Bus Ticket/android.view.View0 -  Depart (1)' is exist

2020-08-06 12:23:03 - [MESSAGE][WARNING] - Timeout '0' is invalid. Using default page load timeout: '10'

2020-08-06 12:23:04 - [MESSAGE][PASSED] - Element 'Object Repository/Maya/Bus Ticket/android.view.View0 -  Depart (1)' is exist

2020-08-06 12:23:04 - [TEST_STEP][PASSED] - tap(findTestObject("Maya/Bus Ticket/android.view.View0 - From (1)"), 0): Tapped on element 'Object Repository/Maya/Bus Ticket/android.view.View0 - From (1)'

2020-08-06 12:23:04 - [MESSAGE][WARNING] - Timeout '0' is invalid. Using default page load timeout: '10'

2020-08-06 12:23:06 - [MESSAGE][PASSED] - Tapped on element 'Object Repository/Maya/Bus Ticket/android.view.View0 - From (1)'

2020-08-06 12:23:06 - [TEST_STEP][PASSED] - tap(findTestObject("Maya/Bus Ticket/android.widget.EditText0 (4)"), 0): Tapped on element 'Object Repository/Maya/Bus Ticket/android.widget.EditText0 (4)'

2020-08-06 12:23:06 - [MESSAGE][WARNING] - Timeout '0' is invalid. Using default page load timeout: '10'

2020-08-06 12:23:08 - [MESSAGE][PASSED] - Tapped on element 'Object Repository/Maya/Bus Ticket/android.widget.EditText0 (4)'

2020-08-06 12:23:08 - [TEST_STEP][PASSED] - setText(findTestObject("Maya/Bus Ticket/android.widget.EditText0 (5)"), "Ipoh", 0): Text 'Ipoh' has been set to element 'Object Repository/Maya/Bus Ticket/android.widget.EditText0 (5)'

2020-08-06 12:23:08 - [MESSAGE][WARNING] - Timeout '0' is invalid. Using default page load timeout: '10'

2020-08-06 12:23:10 - [MESSAGE][PASSED] - Text 'Ipoh' has been set to element 'Object Repository/Maya/Bus Ticket/android.widget.EditText0 (5)'

2020-08-06 12:23:10 - [TEST_STEP][PASSED] - delay(2, STOP_ON_FAILURE): Delayed 2 second(s)

2020-08-06 12:23:12 - [MESSAGE][PASSED] - Delayed 2 second(s)

2020-08-06 12:23:12 - [TEST_STEP][PASSED] - tapAndHoldAtPosition(527, 659, 1): Tapped and held at [527, 659] with duration 1

2020-08-06 12:23:15 - [MESSAGE][PASSED] - Tapped and held at [527, 659] with duration 1

2020-08-06 12:23:15 - [TEST_STEP][PASSED] - delay(2, STOP_ON_FAILURE): Delayed 2 second(s)

2020-08-06 12:23:17 - [MESSAGE][PASSED] - Delayed 2 second(s)

2020-08-06 12:23:17 - [TEST_STEP][PASSED] - tapAndHoldAtPosition(72, 193, 1): Tapped and held at [72, 193] with duration 1

2020-08-06 12:23:19 - [MESSAGE][PASSED] - Tapped and held at [72, 193] with duration 1

2020-08-06 12:23:19 - [TEST_STEP][PASSED] - tap(findTestObject("Maya/Bus Ticket/android.view.View0 - To (1)"), 0): Tapped on element 'Object Repository/Maya/Bus Ticket/android.view.View0 - To (1)'

2020-08-06 12:23:19 - [MESSAGE][WARNING] - Timeout '0' is invalid. Using default page load timeout: '10'

2020-08-06 12:23:22 - [MESSAGE][PASSED] - Tapped on element 'Object Repository/Maya/Bus Ticket/android.view.View0 - To (1)'

2020-08-06 12:23:22 - [TEST_STEP][PASSED] - delay(2, STOP_ON_FAILURE): Delayed 2 second(s)

2020-08-06 12:23:24 - [MESSAGE][PASSED] - Delayed 2 second(s)

2020-08-06 12:23:24 - [TEST_STEP][PASSED] - tap(findTestObject("Maya/Bus Ticket/android.widget.EditText0 (4)"), 0): Tapped on element 'Object Repository/Maya/Bus Ticket/android.widget.EditText0 (4)'

2020-08-06 12:23:24 - [MESSAGE][WARNING] - Timeout '0' is invalid. Using default page load timeout: '10'

2020-08-06 12:23:26 - [MESSAGE][PASSED] - Tapped on element 'Object Repository/Maya/Bus Ticket/android.widget.EditText0 (4)'

2020-08-06 12:23:26 - [TEST_STEP][PASSED] - setText(findTestObject("Maya/Bus Ticket/android.widget.EditText0 (5)"), "Kuala Lumpur", 0): Text 'Kuala Lumpur' has been set to element 'Object Repository/Maya/Bus Ticket/android.widget.EditText0 (5)'

2020-08-06 12:23:26 - [MESSAGE][WARNING] - Timeout '0' is invalid. Using default page load timeout: '10'

2020-08-06 12:23:28 - [MESSAGE][PASSED] - Text 'Kuala Lumpur' has been set to element 'Object Repository/Maya/Bus Ticket/android.widget.EditText0 (5)'

2020-08-06 12:23:28 - [TEST_STEP][PASSED] - delay(4, STOP_ON_FAILURE): Delayed 4 second(s)

2020-08-06 12:23:32 - [MESSAGE][PASSED] - Delayed 4 second(s)

2020-08-06 12:23:32 - [TEST_STEP][PASSED] - tap(findTestObject("Maya/Bus Ticket/android.view.View0 - KLIA"), 0): Tapped on element 'Object Repository/Maya/Bus Ticket/android.view.View0 - KLIA'

2020-08-06 12:23:32 - [MESSAGE][WARNING] - Timeout '0' is invalid. Using default page load timeout: '10'

2020-08-06 12:23:34 - [MESSAGE][PASSED] - Tapped on element 'Object Repository/Maya/Bus Ticket/android.view.View0 - KLIA'

2020-08-06 12:23:34 - [TEST_STEP][PASSED] - tap(findTestObject("Maya/Bus Ticket/android.view.View0 -  Depart (2)"), 0): Tapped on element 'Object Repository/Maya/Bus Ticket/android.view.View0 -  Depart (2)'

2020-08-06 12:23:34 - [MESSAGE][WARNING] - Timeout '0' is invalid. Using default page load timeout: '10'

2020-08-06 12:23:37 - [MESSAGE][PASSED] - Tapped on element 'Object Repository/Maya/Bus Ticket/android.view.View0 -  Depart (2)'

2020-08-06 12:23:37 - [TEST_STEP][PASSED] - tap(findTestObject("Maya/Bus Ticket/android.view.View0 - 18"), 0): Tapped on element 'Object Repository/Maya/Bus Ticket/android.view.View0 - 18'

2020-08-06 12:23:37 - [MESSAGE][WARNING] - Timeout '0' is invalid. Using default page load timeout: '10'

2020-08-06 12:23:38 - [MESSAGE][PASSED] - Tapped on element 'Object Repository/Maya/Bus Ticket/android.view.View0 - 18'

2020-08-06 12:23:38 - [TEST_STEP][NOT_RUN] - tap(findTestObject("Maya/Bus Ticket/android.widget.ImageView0 (4)"), 0): NOT_RUN: tap(findTestObject("Maya/Bus Ticket/android.widget.ImageView0 (4)"), 0)

2020-08-06 12:23:38 - [MESSAGE][NOT_RUN] - NOT_RUN: tap(findTestObject("Maya/Bus Ticket/android.widget.ImageView0 (4)"), 0)

2020-08-06 12:23:38 - [TEST_STEP][NOT_RUN] - tap(findTestObject("Maya/Bus Ticket/android.view.View0 -  Depart (2)"), 0): NOT_RUN: tap(findTestObject("Maya/Bus Ticket/android.view.View0 -  Depart (2)"), 0)

2020-08-06 12:23:38 - [MESSAGE][NOT_RUN] - NOT_RUN: tap(findTestObject("Maya/Bus Ticket/android.view.View0 -  Depart (2)"), 0)

2020-08-06 12:23:38 - [TEST_STEP][NOT_RUN] - tap(findTestObject("Maya/Bus Ticket/android.view.View0 - 18"), 0): NOT_RUN: tap(findTestObject("Maya/Bus Ticket/android.view.View0 - 18"), 0)

2020-08-06 12:23:38 - [MESSAGE][NOT_RUN] - NOT_RUN: tap(findTestObject("Maya/Bus Ticket/android.view.View0 - 18"), 0)

2020-08-06 12:23:38 - [TEST_STEP][PASSED] - delay(2, STOP_ON_FAILURE): Delayed 2 second(s)

2020-08-06 12:23:40 - [MESSAGE][PASSED] - Delayed 2 second(s)

2020-08-06 12:23:40 - [TEST_STEP][PASSED] - takeScreenshot("C:\Users\LENOVO\Screenshot\BusTicket\Ticket2.png", STOP_ON_FAILURE): Screenshot is taken

2020-08-06 12:23:42 - [MESSAGE][PASSED] - Screenshot is taken
[[ATTACHMENT|C:\\Users\\LENOVO\\Screenshot\\BusTicket\\Ticket2.png]]

2020-08-06 12:23:42 - [TEST_STEP][PASSED] - tap(findTestObject("Maya/Bus Ticket/android.widget.Button0 - SEARCH (2)"), 0): Tapped on element 'Object Repository/Maya/Bus Ticket/android.widget.Button0 - SEARCH (2)'

2020-08-06 12:23:42 - [MESSAGE][WARNING] - Timeout '0' is invalid. Using default page load timeout: '10'

2020-08-06 12:23:44 - [MESSAGE][PASSED] - Tapped on element 'Object Repository/Maya/Bus Ticket/android.widget.Button0 - SEARCH (2)'

2020-08-06 12:23:44 - [TEST_STEP][NOT_RUN] - tapAndHoldAtPosition(72, 193, 1): NOT_RUN: tapAndHoldAtPosition(72, 193, 1)

2020-08-06 12:23:44 - [MESSAGE][NOT_RUN] - NOT_RUN: tapAndHoldAtPosition(72, 193, 1)

2020-08-06 12:23:44 - [TEST_STEP][NOT_RUN] - tap(findTestObject("Maya/Bus Ticket/android.widget.Button0 - SEARCH (2)"), 0): NOT_RUN: tap(findTestObject("Maya/Bus Ticket/android.widget.Button0 - SEARCH (2)"), 0)

2020-08-06 12:23:44 - [MESSAGE][NOT_RUN] - NOT_RUN: tap(findTestObject("Maya/Bus Ticket/android.widget.Button0 - SEARCH (2)"), 0)

2020-08-06 12:23:44 - [TEST_STEP][PASSED] - delay(2, STOP_ON_FAILURE): Delayed 2 second(s)

2020-08-06 12:23:46 - [MESSAGE][PASSED] - Delayed 2 second(s)

2020-08-06 12:23:46 - [TEST_STEP][PASSED] - tap(findTestObject("Maya/Bus Ticket/android.view.View0 - 930 AM"), 0): Tapped on element 'Object Repository/Maya/Bus Ticket/android.view.View0 - 930 AM'

2020-08-06 12:23:46 - [MESSAGE][WARNING] - Timeout '0' is invalid. Using default page load timeout: '10'

2020-08-06 12:23:54 - [MESSAGE][PASSED] - Tapped on element 'Object Repository/Maya/Bus Ticket/android.view.View0 - 930 AM'

2020-08-06 12:23:54 - [TEST_STEP][PASSED] - delay(1, STOP_ON_FAILURE): Delayed 1 second(s)

2020-08-06 12:23:55 - [MESSAGE][PASSED] - Delayed 1 second(s)

2020-08-06 12:23:55 - [TEST_STEP][PASSED] - takeScreenshot("C:\Users\LENOVO\Screenshot\BusTicket\Ticket15.png", STOP_ON_FAILURE): Screenshot is taken

2020-08-06 12:23:56 - [MESSAGE][PASSED] - Screenshot is taken
[[ATTACHMENT|C:\\Users\\LENOVO\\Screenshot\\BusTicket\\Ticket15.png]]

2020-08-06 12:23:56 - [TEST_STEP][PASSED] - getText(findTestObject("Maya/Bus Ticket/android.view.View0 - Pick-Up Point (1)"), 0, STOP_ON_FAILURE): Text of element 'Object Repository/Maya/Bus Ticket/android.view.View0 - Pick-Up Point (1)' is: 'Pick-Up Point'

2020-08-06 12:23:56 - [MESSAGE][WARNING] - Timeout '0' is invalid. Using default page load timeout: '10'

2020-08-06 12:23:59 - [MESSAGE][PASSED] - Text of element 'Object Repository/Maya/Bus Ticket/android.view.View0 - Pick-Up Point (1)' is: 'Pick-Up Point'

2020-08-06 12:23:59 - [TEST_STEP][PASSED] - verifyElementExist(findTestObject("Maya/Bus Ticket/android.view.View0 - Pick-Up Point (1)"), 0): Element 'Object Repository/Maya/Bus Ticket/android.view.View0 - Pick-Up Point (1)' is exist

2020-08-06 12:24:00 - [MESSAGE][WARNING] - Timeout '0' is invalid. Using default page load timeout: '10'

2020-08-06 12:24:00 - [MESSAGE][PASSED] - Element 'Object Repository/Maya/Bus Ticket/android.view.View0 - Pick-Up Point (1)' is exist

2020-08-06 12:24:00 - [TEST_STEP][PASSED] - getText(findTestObject("Maya/Bus Ticket/android.view.View0 - Drop-Off Point (1)"), 0): Text of element 'Object Repository/Maya/Bus Ticket/android.view.View0 - Drop-Off Point (1)' is: 'Drop-Off Point'

2020-08-06 12:24:00 - [MESSAGE][WARNING] - Timeout '0' is invalid. Using default page load timeout: '10'

2020-08-06 12:24:00 - [MESSAGE][PASSED] - Text of element 'Object Repository/Maya/Bus Ticket/android.view.View0 - Drop-Off Point (1)' is: 'Drop-Off Point'

2020-08-06 12:24:00 - [TEST_STEP][PASSED] - verifyElementExist(findTestObject("Maya/Bus Ticket/android.view.View0 - Drop-Off Point (1)"), 0): Element 'Object Repository/Maya/Bus Ticket/android.view.View0 - Drop-Off Point (1)' is exist

2020-08-06 12:24:00 - [MESSAGE][WARNING] - Timeout '0' is invalid. Using default page load timeout: '10'

2020-08-06 12:24:01 - [MESSAGE][PASSED] - Element 'Object Repository/Maya/Bus Ticket/android.view.View0 - Drop-Off Point (1)' is exist

2020-08-06 12:24:01 - [TEST_STEP][PASSED] - getText(findTestObject("Maya/Bus Ticket/android.view.View0 - 0 SEAT(S)"), 0): Text of element 'Object Repository/Maya/Bus Ticket/android.view.View0 - 0 SEAT(S)' is: '0 SEAT(S)'

2020-08-06 12:24:01 - [MESSAGE][WARNING] - Timeout '0' is invalid. Using default page load timeout: '10'

2020-08-06 12:24:02 - [MESSAGE][PASSED] - Text of element 'Object Repository/Maya/Bus Ticket/android.view.View0 - 0 SEAT(S)' is: '0 SEAT(S)'

2020-08-06 12:24:02 - [TEST_STEP][PASSED] - if (verifyElementExist(findTestObject("Maya/Bus Ticket/android.view.View0 - 0 SEAT(S)"), 0)): null

2020-08-06 12:24:03 - [MESSAGE][WARNING] - Timeout '0' is invalid. Using default page load timeout: '10'

2020-08-06 12:24:04 - [MESSAGE][PASSED] - Element 'Object Repository/Maya/Bus Ticket/android.view.View0 - 0 SEAT(S)' is exist

2020-08-06 12:24:04 - [TEST_STEP][PASSED] - delay(2, STOP_ON_FAILURE): Delayed 2 second(s)

2020-08-06 12:24:06 - [MESSAGE][PASSED] - Delayed 2 second(s)

2020-08-06 12:24:06 - [TEST_STEP][PASSED] - tap(findTestObject("Maya/Bus Ticket/android.view.View0 - 3C"), 0): Tapped on element 'Object Repository/Maya/Bus Ticket/android.view.View0 - 3C'

2020-08-06 12:24:06 - [MESSAGE][WARNING] - Timeout '0' is invalid. Using default page load timeout: '10'

2020-08-06 12:24:07 - [MESSAGE][PASSED] - Tapped on element 'Object Repository/Maya/Bus Ticket/android.view.View0 - 3C'

2020-08-06 12:24:07 - [TEST_STEP][NOT_RUN] - if (verifyElementExist(findTestObject("Maya/Bus Ticket/android.view.View0 - 0 SEAT(S)"), 0)): NOT_RUN: if (verifyElementExist(findTestObject("Maya/Bus Ticket/android.view.View0 - 0 SEAT(S)"), 0))

2020-08-06 12:24:07 - [MESSAGE][NOT_RUN] - NOT_RUN: if (verifyElementExist(findTestObject("Maya/Bus Ticket/android.view.View0 - 0 SEAT(S)"), 0))

2020-08-06 12:24:07 - [TEST_STEP][NOT_RUN] - getText(findTestObject("Maya/Bus Ticket/android.view.View0 - 1 SEAT(S)"), 0): NOT_RUN: getText(findTestObject("Maya/Bus Ticket/android.view.View0 - 1 SEAT(S)"), 0)

2020-08-06 12:24:07 - [MESSAGE][NOT_RUN] - NOT_RUN: getText(findTestObject("Maya/Bus Ticket/android.view.View0 - 1 SEAT(S)"), 0)

2020-08-06 12:24:07 - [TEST_STEP][NOT_RUN] - verifyElementExist(findTestObject("Maya/Bus Ticket/android.view.View0 - 1 SEAT(S)"), 0): NOT_RUN: verifyElementExist(findTestObject("Maya/Bus Ticket/android.view.View0 - 1 SEAT(S)"), 0)

2020-08-06 12:24:07 - [MESSAGE][NOT_RUN] - NOT_RUN: verifyElementExist(findTestObject("Maya/Bus Ticket/android.view.View0 - 1 SEAT(S)"), 0)

2020-08-06 12:24:07 - [TEST_STEP][PASSED] - delay(2, STOP_ON_FAILURE): Delayed 2 second(s)

2020-08-06 12:24:09 - [MESSAGE][PASSED] - Delayed 2 second(s)

2020-08-06 12:24:09 - [TEST_STEP][PASSED] - takeScreenshot("C:\Users\LENOVO\Screenshot\BusTicket\Ticket3.png", STOP_ON_FAILURE): Screenshot is taken

2020-08-06 12:24:10 - [MESSAGE][PASSED] - Screenshot is taken
[[ATTACHMENT|C:\\Users\\LENOVO\\Screenshot\\BusTicket\\Ticket3.png]]

2020-08-06 12:24:10 - [TEST_STEP][PASSED] - tap(findTestObject("Maya/Bus Ticket/android.widget.Button0 - CONTINUE DETAILS (1)"), 0): Tapped on element 'Object Repository/Maya/Bus Ticket/android.widget.Button0 - CONTINUE DETAILS (1)'

2020-08-06 12:24:10 - [MESSAGE][WARNING] - Timeout '0' is invalid. Using default page load timeout: '10'

2020-08-06 12:24:12 - [MESSAGE][PASSED] - Tapped on element 'Object Repository/Maya/Bus Ticket/android.widget.Button0 - CONTINUE DETAILS (1)'

2020-08-06 12:24:12 - [TEST_STEP][PASSED] - getText(findTestObject("Maya/Bus Ticket/android.view.View0 - Contact Details"), 0): Text of element 'Object Repository/Maya/Bus Ticket/android.view.View0 - Contact Details' is: 'Contact Details'

2020-08-06 12:24:12 - [MESSAGE][WARNING] - Timeout '0' is invalid. Using default page load timeout: '10'

2020-08-06 12:24:13 - [MESSAGE][PASSED] - Text of element 'Object Repository/Maya/Bus Ticket/android.view.View0 - Contact Details' is: 'Contact Details'

2020-08-06 12:24:13 - [TEST_STEP][PASSED] - verifyElementExist(findTestObject("Maya/Bus Ticket/android.view.View0 - Contact Details"), 0): Element 'Object Repository/Maya/Bus Ticket/android.view.View0 - Contact Details' is exist

2020-08-06 12:24:13 - [MESSAGE][WARNING] - Timeout '0' is invalid. Using default page load timeout: '10'

2020-08-06 12:24:13 - [MESSAGE][PASSED] - Element 'Object Repository/Maya/Bus Ticket/android.view.View0 - Contact Details' is exist

2020-08-06 12:24:13 - [TEST_STEP][PASSED] - tap(findTestObject("Maya/Bus Ticket/android.widget.EditText0 (6)"), 0): Tapped on element 'Object Repository/Maya/Bus Ticket/android.widget.EditText0 (6)'

2020-08-06 12:24:13 - [MESSAGE][WARNING] - Timeout '0' is invalid. Using default page load timeout: '10'

2020-08-06 12:24:14 - [MESSAGE][PASSED] - Tapped on element 'Object Repository/Maya/Bus Ticket/android.widget.EditText0 (6)'

2020-08-06 12:24:14 - [TEST_STEP][PASSED] - setText(findTestObject("Maya/Bus Ticket/android.widget.EditText0 (7)"), "TestBus Ticket", 0): Text 'TestBus Ticket' has been set to element 'Object Repository/Maya/Bus Ticket/android.widget.EditText0 (7)'

2020-08-06 12:24:14 - [MESSAGE][WARNING] - Timeout '0' is invalid. Using default page load timeout: '10'

2020-08-06 12:24:16 - [MESSAGE][PASSED] - Text 'TestBus Ticket' has been set to element 'Object Repository/Maya/Bus Ticket/android.widget.EditText0 (7)'

2020-08-06 12:24:16 - [TEST_STEP][PASSED] - setText(findTestObject("Maya/Bus Ticket/android.widget.EditText0 (8)"), "th23@gmail.com", 0): Text 'th23@gmail.com' has been set to element 'Object Repository/Maya/Bus Ticket/android.widget.EditText0 (8)'

2020-08-06 12:24:16 - [MESSAGE][WARNING] - Timeout '0' is invalid. Using default page load timeout: '10'

2020-08-06 12:24:17 - [MESSAGE][PASSED] - Text 'th23@gmail.com' has been set to element 'Object Repository/Maya/Bus Ticket/android.widget.EditText0 (8)'

2020-08-06 12:24:17 - [TEST_STEP][PASSED] - setText(findTestObject("Maya/Bus Ticket/android.widget.EditText0 (9)"), "1156754567", 0): Text '1156754567' has been set to element 'Object Repository/Maya/Bus Ticket/android.widget.EditText0 (9)'

2020-08-06 12:24:17 - [MESSAGE][WARNING] - Timeout '0' is invalid. Using default page load timeout: '10'

2020-08-06 12:24:19 - [MESSAGE][PASSED] - Text '1156754567' has been set to element 'Object Repository/Maya/Bus Ticket/android.widget.EditText0 (9)'

2020-08-06 12:24:19 - [TEST_STEP][PASSED] - tap(findTestObject("Maya/Bus Ticket/Person"), 0): Tapped on element 'Object Repository/Maya/Bus Ticket/Person'

2020-08-06 12:24:19 - [MESSAGE][WARNING] - Timeout '0' is invalid. Using default page load timeout: '10'

2020-08-06 12:24:20 - [MESSAGE][PASSED] - Tapped on element 'Object Repository/Maya/Bus Ticket/Person'

2020-08-06 12:24:20 - [TEST_STEP][PASSED] - delay(2, STOP_ON_FAILURE): Delayed 2 second(s)

2020-08-06 12:24:22 - [MESSAGE][PASSED] - Delayed 2 second(s)

2020-08-06 12:24:22 - [TEST_STEP][PASSED] - takeScreenshot("C:\Users\LENOVO\Screenshot\BusTicket\Ticket4.png", STOP_ON_FAILURE): Screenshot is taken

2020-08-06 12:24:23 - [MESSAGE][PASSED] - Screenshot is taken
[[ATTACHMENT|C:\\Users\\LENOVO\\Screenshot\\BusTicket\\Ticket4.png]]

2020-08-06 12:24:23 - [TEST_STEP][PASSED] - tap(findTestObject("Maya/Bus Ticket/android.widget.Button0 - CONTINUE BOOKING (1)"), 0): Tapped on element 'Object Repository/Maya/Bus Ticket/android.widget.Button0 - CONTINUE BOOKING (1)'

2020-08-06 12:24:23 - [MESSAGE][WARNING] - Timeout '0' is invalid. Using default page load timeout: '10'

2020-08-06 12:24:25 - [MESSAGE][PASSED] - Tapped on element 'Object Repository/Maya/Bus Ticket/android.widget.Button0 - CONTINUE BOOKING (1)'

2020-08-06 12:24:25 - [TEST_STEP][NOT_RUN] - getText(findTestObject("Maya/Bus Ticket/android.widget.TextView0 -  Selected seats (1)"), 0): NOT_RUN: getText(findTestObject("Maya/Bus Ticket/android.widget.TextView0 -  Selected seats (1)"), 0)

2020-08-06 12:24:25 - [MESSAGE][NOT_RUN] - NOT_RUN: getText(findTestObject("Maya/Bus Ticket/android.widget.TextView0 -  Selected seats (1)"), 0)

2020-08-06 12:24:25 - [TEST_STEP][PASSED] - takeScreenshot("C:\Users\LENOVO\Screenshot\BusTicket\Ticket41.png", STOP_ON_FAILURE): Screenshot is taken

2020-08-06 12:24:26 - [MESSAGE][PASSED] - Screenshot is taken
[[ATTACHMENT|C:\\Users\\LENOVO\\Screenshot\\BusTicket\\Ticket41.png]]

2020-08-06 12:24:26 - [TEST_STEP][FAILED] - verifyElementExist(findTestObject("Maya/Bus Ticket/android.widget.TextView0 -  Selected seats (1)"), 0, STOP_ON_FAILURE): Failed to check for element 'Object Repository/Maya/Bus Ticket/android.widget.TextView0 -  Selected seats (1)' exist (Root cause: com.kms.katalon.core.exception.StepFailedException: Element 'Object Repository/Maya/Bus Ticket/android.widget.TextView0 -  Selected seats (1)' not found
	at com.kms.katalon.core.keyword.internal.KeywordMain.stepFailed(KeywordMain.groovy:50)
	at com.kms.katalon.core.mobile.keyword.internal.MobileKeywordMain.stepFailed(MobileKeywordMain.groovy:40)
	at com.kms.katalon.core.mobile.keyword.builtin.VerifyElementExistKeyword$_verifyElementExist_closure1.doCall(VerifyElementExistKeyword.groovy:77)
	at com.kms.katalon.core.mobile.keyword.builtin.VerifyElementExistKeyword$_verifyElementExist_closure1.call(VerifyElementExistKeyword.groovy)
	at com.kms.katalon.core.mobile.keyword.internal.MobileKeywordMain.runKeyword(MobileKeywordMain.groovy:21)
	at com.kms.katalon.core.mobile.keyword.builtin.VerifyElementExistKeyword.verifyElementExist(VerifyElementExistKeyword.groovy:80)
	at com.kms.katalon.core.mobile.keyword.builtin.VerifyElementExistKeyword.execute(VerifyElementExistKeyword.groovy:64)
	at com.kms.katalon.core.keyword.internal.KeywordExecutor.executeKeywordForPlatform(KeywordExecutor.groovy:72)
	at com.kms.katalon.core.mobile.keyword.MobileBuiltInKeywords.verifyElementExist(MobileBuiltInKeywords.groovy:793)
	at com.kms.katalon.core.mobile.keyword.MobileBuiltInKeywords$verifyElementExist$7.call(Unknown Source)
	at Bus Ticket 2.run(Bus Ticket 2:208)
	at com.kms.katalon.core.main.ScriptEngine.run(ScriptEngine.java:194)
	at com.kms.katalon.core.main.ScriptEngine.runScriptAsRawText(ScriptEngine.java:119)
	at com.kms.katalon.core.main.TestCaseExecutor.runScript(TestCaseExecutor.java:337)
	at com.kms.katalon.core.main.TestCaseExecutor.doExecute(TestCaseExecutor.java:328)
	at com.kms.katalon.core.main.TestCaseExecutor.processExecutionPhase(TestCaseExecutor.java:307)
	at com.kms.katalon.core.main.TestCaseExecutor.accessMainPhase(TestCaseExecutor.java:299)
	at com.kms.katalon.core.main.TestCaseExecutor.execute(TestCaseExecutor.java:233)
	at com.kms.katalon.core.main.TestSuiteExecutor.accessTestCaseMainPhase(TestSuiteExecutor.java:169)
	at com.kms.katalon.core.main.TestSuiteExecutor.accessTestSuiteMainPhase(TestSuiteExecutor.java:142)
	at com.kms.katalon.core.main.TestSuiteExecutor.execute(TestSuiteExecutor.java:91)
	at com.kms.katalon.core.main.TestCaseMain.startTestSuite(TestCaseMain.java:157)
	at com.kms.katalon.core.main.TestCaseMain$startTestSuite$0.call(Unknown Source)
	at TempTestSuite1596687682285.run(TempTestSuite1596687682285.groovy:36)
)

2020-08-06 12:24:26 - [MESSAGE][WARNING] - Timeout '0' is invalid. Using default page load timeout: '10'

2020-08-06 12:24:38 - [MESSAGE][FAILED] - Element 'Object Repository/Maya/Bus Ticket/android.widget.TextView0 -  Selected seats (1)' not found
[[ATTACHMENT|C:\\Users\\LENOVO\\Git_new\\Maya\\Reports\\20200806_122122\\Maya UAT\\UAT Test Suite\\20200806_122122\\1596687877905.png]]

2020-08-06 12:24:39 - [MESSAGE][FAILED] - Failed to check for element 'Object Repository/Maya/Bus Ticket/android.widget.TextView0 -  Selected seats (1)' exist (Root cause: com.kms.katalon.core.exception.StepFailedException: Element 'Object Repository/Maya/Bus Ticket/android.widget.TextView0 -  Selected seats (1)' not found
	at com.kms.katalon.core.keyword.internal.KeywordMain.stepFailed(KeywordMain.groovy:50)
	at com.kms.katalon.core.mobile.keyword.internal.MobileKeywordMain.stepFailed(MobileKeywordMain.groovy:40)
	at com.kms.katalon.core.mobile.keyword.builtin.VerifyElementExistKeyword$_verifyElementExist_closure1.doCall(VerifyElementExistKeyword.groovy:77)
	at com.kms.katalon.core.mobile.keyword.builtin.VerifyElementExistKeyword$_verifyElementExist_closure1.call(VerifyElementExistKeyword.groovy)
	at com.kms.katalon.core.mobile.keyword.internal.MobileKeywordMain.runKeyword(MobileKeywordMain.groovy:21)
	at com.kms.katalon.core.mobile.keyword.builtin.VerifyElementExistKeyword.verifyElementExist(VerifyElementExistKeyword.groovy:80)
	at com.kms.katalon.core.mobile.keyword.builtin.VerifyElementExistKeyword.execute(VerifyElementExistKeyword.groovy:64)
	at com.kms.katalon.core.keyword.internal.KeywordExecutor.executeKeywordForPlatform(KeywordExecutor.groovy:72)
	at com.kms.katalon.core.mobile.keyword.MobileBuiltInKeywords.verifyElementExist(MobileBuiltInKeywords.groovy:793)
	at com.kms.katalon.core.mobile.keyword.MobileBuiltInKeywords$verifyElementExist$7.call(Unknown Source)
	at Bus Ticket 2.run(Bus Ticket 2:208)
	at com.kms.katalon.core.main.ScriptEngine.run(ScriptEngine.java:194)
	at com.kms.katalon.core.main.ScriptEngine.runScriptAsRawText(ScriptEngine.java:119)
	at com.kms.katalon.core.main.TestCaseExecutor.runScript(TestCaseExecutor.java:337)
	at com.kms.katalon.core.main.TestCaseExecutor.doExecute(TestCaseExecutor.java:328)
	at com.kms.katalon.core.main.TestCaseExecutor.processExecutionPhase(TestCaseExecutor.java:307)
	at com.kms.katalon.core.main.TestCaseExecutor.accessMainPhase(TestCaseExecutor.java:299)
	at com.kms.katalon.core.main.TestCaseExecutor.execute(TestCaseExecutor.java:233)
	at com.kms.katalon.core.main.TestSuiteExecutor.accessTestCaseMainPhase(TestSuiteExecutor.java:169)
	at com.kms.katalon.core.main.TestSuiteExecutor.accessTestSuiteMainPhase(TestSuiteExecutor.java:142)
	at com.kms.katalon.core.main.TestSuiteExecutor.execute(TestSuiteExecutor.java:91)
	at com.kms.katalon.core.main.TestCaseMain.startTestSuite(TestCaseMain.java:157)
	at com.kms.katalon.core.main.TestCaseMain$startTestSuite$0.call(Unknown Source)
	at TempTestSuite1596687682285.run(TempTestSuite1596687682285.groovy:36)
)
[[ATTACHMENT|C:\\Users\\LENOVO\\Git_new\\Maya\\Reports\\20200806_122122\\Maya UAT\\UAT Test Suite\\20200806_122122\\1596687878852.png]]]]></system-out>
         <system-err><![CDATA[2020-08-06 12:21:25 - [TEST_CASE][FAILED] - Test Cases/JINU/Bus Ticket/Bus Ticket 2: Test Cases/JINU/Bus Ticket/Bus Ticket 2 FAILED.
Reason:
com.kms.katalon.core.exception.StepFailedException: Element 'Object Repository/Maya/Bus Ticket/android.widget.TextView0 -  Selected seats (1)' not found
	at com.kms.katalon.core.keyword.internal.KeywordMain.stepFailed(KeywordMain.groovy:50)
	at com.kms.katalon.core.mobile.keyword.internal.MobileKeywordMain.stepFailed(MobileKeywordMain.groovy:40)
	at com.kms.katalon.core.mobile.keyword.builtin.VerifyElementExistKeyword$_verifyElementExist_closure1.doCall(VerifyElementExistKeyword.groovy:77)
	at com.kms.katalon.core.mobile.keyword.builtin.VerifyElementExistKeyword$_verifyElementExist_closure1.call(VerifyElementExistKeyword.groovy)
	at com.kms.katalon.core.mobile.keyword.internal.MobileKeywordMain.runKeyword(MobileKeywordMain.groovy:21)
	at com.kms.katalon.core.mobile.keyword.builtin.VerifyElementExistKeyword.verifyElementExist(VerifyElementExistKeyword.groovy:80)
	at com.kms.katalon.core.mobile.keyword.builtin.VerifyElementExistKeyword.execute(VerifyElementExistKeyword.groovy:64)
	at com.kms.katalon.core.keyword.internal.KeywordExecutor.executeKeywordForPlatform(KeywordExecutor.groovy:72)
	at com.kms.katalon.core.mobile.keyword.MobileBuiltInKeywords.verifyElementExist(MobileBuiltInKeywords.groovy:793)
	at com.kms.katalon.core.mobile.keyword.MobileBuiltInKeywords$verifyElementExist$7.call(Unknown Source)
	at Bus Ticket 2.run(Bus Ticket 2:208)
	at com.kms.katalon.core.main.ScriptEngine.run(ScriptEngine.java:194)
	at com.kms.katalon.core.main.ScriptEngine.runScriptAsRawText(ScriptEngine.java:119)
	at com.kms.katalon.core.main.TestCaseExecutor.runScript(TestCaseExecutor.java:337)
	at com.kms.katalon.core.main.TestCaseExecutor.doExecute(TestCaseExecutor.java:328)
	at com.kms.katalon.core.main.TestCaseExecutor.processExecutionPhase(TestCaseExecutor.java:307)
	at com.kms.katalon.core.main.TestCaseExecutor.accessMainPhase(TestCaseExecutor.java:299)
	at com.kms.katalon.core.main.TestCaseExecutor.execute(TestCaseExecutor.java:233)
	at com.kms.katalon.core.main.TestSuiteExecutor.accessTestCaseMainPhase(TestSuiteExecutor.java:169)
	at com.kms.katalon.core.main.TestSuiteExecutor.accessTestSuiteMainPhase(TestSuiteExecutor.java:142)
	at com.kms.katalon.core.main.TestSuiteExecutor.execute(TestSuiteExecutor.java:91)
	at com.kms.katalon.core.main.TestCaseMain.startTestSuite(TestCaseMain.java:157)
	at com.kms.katalon.core.main.TestCaseMain$startTestSuite$0.call(Unknown Source)
	at TempTestSuite1596687682285.run(TempTestSuite1596687682285.groovy:36)]]></system-err>
      </testcase>
      <system-out><![CDATA[2020-08-06 12:21:25 - [TEST_SUITE][FAILED] - UAT Test Suite: Test Cases/JINU/Bus Ticket/Bus Ticket 2 FAILED.
Reason:
com.kms.katalon.core.exception.StepFailedException: Element 'Object Repository/Maya/Bus Ticket/android.widget.TextView0 -  Selected seats (1)' not found
	at com.kms.katalon.core.keyword.internal.KeywordMain.stepFailed(KeywordMain.groovy:50)
	at com.kms.katalon.core.mobile.keyword.internal.MobileKeywordMain.stepFailed(MobileKeywordMain.groovy:40)
	at com.kms.katalon.core.mobile.keyword.builtin.VerifyElementExistKeyword$_verifyElementExist_closure1.doCall(VerifyElementExistKeyword.groovy:77)
	at com.kms.katalon.core.mobile.keyword.builtin.VerifyElementExistKeyword$_verifyElementExist_closure1.call(VerifyElementExistKeyword.groovy)
	at com.kms.katalon.core.mobile.keyword.internal.MobileKeywordMain.runKeyword(MobileKeywordMain.groovy:21)
	at com.kms.katalon.core.mobile.keyword.builtin.VerifyElementExistKeyword.verifyElementExist(VerifyElementExistKeyword.groovy:80)
	at com.kms.katalon.core.mobile.keyword.builtin.VerifyElementExistKeyword.execute(VerifyElementExistKeyword.groovy:64)
	at com.kms.katalon.core.keyword.internal.KeywordExecutor.executeKeywordForPlatform(KeywordExecutor.groovy:72)
	at com.kms.katalon.core.mobile.keyword.MobileBuiltInKeywords.verifyElementExist(MobileBuiltInKeywords.groovy:793)
	at com.kms.katalon.core.mobile.keyword.MobileBuiltInKeywords$verifyElementExist$7.call(Unknown Source)
	at Bus Ticket 2.run(Bus Ticket 2:208)
	at com.kms.katalon.core.main.ScriptEngine.run(ScriptEngine.java:194)
	at com.kms.katalon.core.main.ScriptEngine.runScriptAsRawText(ScriptEngine.java:119)
	at com.kms.katalon.core.main.TestCaseExecutor.runScript(TestCaseExecutor.java:337)
	at com.kms.katalon.core.main.TestCaseExecutor.doExecute(TestCaseExecutor.java:328)
	at com.kms.katalon.core.main.TestCaseExecutor.processExecutionPhase(TestCaseExecutor.java:307)
	at com.kms.katalon.core.main.TestCaseExecutor.accessMainPhase(TestCaseExecutor.java:299)
	at com.kms.katalon.core.main.TestCaseExecutor.execute(TestCaseExecutor.java:233)
	at com.kms.katalon.core.main.TestSuiteExecutor.accessTestCaseMainPhase(TestSuiteExecutor.java:169)
	at com.kms.katalon.core.main.TestSuiteExecutor.accessTestSuiteMainPhase(TestSuiteExecutor.java:142)
	at com.kms.katalon.core.main.TestSuiteExecutor.execute(TestSuiteExecutor.java:91)
	at com.kms.katalon.core.main.TestCaseMain.startTestSuite(TestCaseMain.java:157)
	at com.kms.katalon.core.main.TestCaseMain$startTestSuite$0.call(Unknown Source)
	at TempTestSuite1596687682285.run(TempTestSuite1596687682285.groovy:36)]]></system-out>
      <system-err><![CDATA[2020-08-06 12:21:25 - [TEST_SUITE][FAILED] - UAT Test Suite: Test Cases/JINU/Bus Ticket/Bus Ticket 2 FAILED.
Reason:
com.kms.katalon.core.exception.StepFailedException: Element 'Object Repository/Maya/Bus Ticket/android.widget.TextView0 -  Selected seats (1)' not found
	at com.kms.katalon.core.keyword.internal.KeywordMain.stepFailed(KeywordMain.groovy:50)
	at com.kms.katalon.core.mobile.keyword.internal.MobileKeywordMain.stepFailed(MobileKeywordMain.groovy:40)
	at com.kms.katalon.core.mobile.keyword.builtin.VerifyElementExistKeyword$_verifyElementExist_closure1.doCall(VerifyElementExistKeyword.groovy:77)
	at com.kms.katalon.core.mobile.keyword.builtin.VerifyElementExistKeyword$_verifyElementExist_closure1.call(VerifyElementExistKeyword.groovy)
	at com.kms.katalon.core.mobile.keyword.internal.MobileKeywordMain.runKeyword(MobileKeywordMain.groovy:21)
	at com.kms.katalon.core.mobile.keyword.builtin.VerifyElementExistKeyword.verifyElementExist(VerifyElementExistKeyword.groovy:80)
	at com.kms.katalon.core.mobile.keyword.builtin.VerifyElementExistKeyword.execute(VerifyElementExistKeyword.groovy:64)
	at com.kms.katalon.core.keyword.internal.KeywordExecutor.executeKeywordForPlatform(KeywordExecutor.groovy:72)
	at com.kms.katalon.core.mobile.keyword.MobileBuiltInKeywords.verifyElementExist(MobileBuiltInKeywords.groovy:793)
	at com.kms.katalon.core.mobile.keyword.MobileBuiltInKeywords$verifyElementExist$7.call(Unknown Source)
	at Bus Ticket 2.run(Bus Ticket 2:208)
	at com.kms.katalon.core.main.ScriptEngine.run(ScriptEngine.java:194)
	at com.kms.katalon.core.main.ScriptEngine.runScriptAsRawText(ScriptEngine.java:119)
	at com.kms.katalon.core.main.TestCaseExecutor.runScript(TestCaseExecutor.java:337)
	at com.kms.katalon.core.main.TestCaseExecutor.doExecute(TestCaseExecutor.java:328)
	at com.kms.katalon.core.main.TestCaseExecutor.processExecutionPhase(TestCaseExecutor.java:307)
	at com.kms.katalon.core.main.TestCaseExecutor.accessMainPhase(TestCaseExecutor.java:299)
	at com.kms.katalon.core.main.TestCaseExecutor.execute(TestCaseExecutor.java:233)
	at com.kms.katalon.core.main.TestSuiteExecutor.accessTestCaseMainPhase(TestSuiteExecutor.java:169)
	at com.kms.katalon.core.main.TestSuiteExecutor.accessTestSuiteMainPhase(TestSuiteExecutor.java:142)
	at com.kms.katalon.core.main.TestSuiteExecutor.execute(TestSuiteExecutor.java:91)
	at com.kms.katalon.core.main.TestCaseMain.startTestSuite(TestCaseMain.java:157)
	at com.kms.katalon.core.main.TestCaseMain$startTestSuite$0.call(Unknown Source)
	at TempTestSuite1596687682285.run(TempTestSuite1596687682285.groovy:36)]]></system-err>
   </testsuite>
</testsuites>
