<?xml version="1.0" encoding="UTF-8"?>
<testsuites name="UAT Test Suite" time="326.145" tests="1" failures="1" errors="0">
   <testsuite name="UAT Test Suite" tests="1" failures="1" errors="0" time="326.145" timestamp="2020-08-12 14:52:13" hostname="LENOVO - DESKTOP-CP3TV4N" id="Test Suites/Maya UAT/UAT Test Suite">
      <properties>
         <property name="deviceName" value="Xiaomi Redmi Note 7S (Android 9)"/>
         <property name="devicePlatform" value=""/>
         <property name="logFolder" value="C:\\Users\\LENOVO\\Git_new\\Maya\\Reports\\20200812_145208\\Maya UAT\\UAT Test Suite\\20200812_145208"/>
         <property name="logFiles" value="C:\\Users\\LENOVO\\Git_new\\Maya\\Reports\\20200812_145208\\Maya UAT\\UAT Test Suite\\20200812_145208\\appium.log, C:\\Users\\LENOVO\\Git_new\\Maya\\Reports\\20200812_145208\\Maya UAT\\UAT Test Suite\\20200812_145208\\execution0.log"/>
         <property name="attachments" value="C:\\Users\\LENOVO\\Git_new\\Maya\\Reports\\20200812_145208\\Maya UAT\\UAT Test Suite\\20200812_145208\\1597215175657.png, C:\\Users\\LENOVO\\Git_new\\Maya\\Reports\\20200812_145208\\Maya UAT\\UAT Test Suite\\20200812_145208\\1597215190969.png, C:\\Users\\LENOVO\\Git_new\\Maya\\Reports\\20200812_145208\\Maya UAT\\UAT Test Suite\\20200812_145208\\1597215203681.png, C:\\Users\\LENOVO\\Git_new\\Maya\\Reports\\20200812_145208\\Maya UAT\\UAT Test Suite\\20200812_145208\\1597215215865.png, C:\\Users\\LENOVO\\Git_new\\Maya\\Reports\\20200812_145208\\Maya UAT\\UAT Test Suite\\20200812_145208\\1597215227140.png, C:\\Users\\LENOVO\\Git_new\\Maya\\Reports\\20200812_145208\\Maya UAT\\UAT Test Suite\\20200812_145208\\1597215239098.png, C:\\Users\\LENOVO\\Git_new\\Maya\\Reports\\20200812_145208\\Maya UAT\\UAT Test Suite\\20200812_145208\\1597215250179.png, C:\\Users\\LENOVO\\Git_new\\Maya\\Reports\\20200812_145208\\Maya UAT\\UAT Test Suite\\20200812_145208\\1597215261143.png, C:\\Users\\LENOVO\\Git_new\\Maya\\Reports\\20200812_145208\\Maya UAT\\UAT Test Suite\\20200812_145208\\1597215275497.png, C:\\Users\\LENOVO\\Git_new\\Maya\\Reports\\20200812_145208\\Maya UAT\\UAT Test Suite\\20200812_145208\\1597215297045.png, C:\\Users\\LENOVO\\Git_new\\Maya\\Reports\\20200812_145208\\Maya UAT\\UAT Test Suite\\20200812_145208\\1597215308151.png, C:\\Users\\LENOVO\\Git_new\\Maya\\Reports\\20200812_145208\\Maya UAT\\UAT Test Suite\\20200812_145208\\1597215320088.png, C:\\Users\\LENOVO\\Git_new\\Maya\\Reports\\20200812_145208\\Maya UAT\\UAT Test Suite\\20200812_145208\\1597215331359.png, C:\\Users\\LENOVO\\Git_new\\Maya\\Reports\\20200812_145208\\Maya UAT\\UAT Test Suite\\20200812_145208\\1597215342359.png, C:\\Users\\LENOVO\\Git_new\\Maya\\Reports\\20200812_145208\\Maya UAT\\UAT Test Suite\\20200812_145208\\1597215353831.png, C:\\Users\\LENOVO\\Git_new\\Maya\\Reports\\20200812_145208\\Maya UAT\\UAT Test Suite\\20200812_145208\\1597215365330.png, C:\\Users\\LENOVO\\Git_new\\Maya\\Reports\\20200812_145208\\Maya UAT\\UAT Test Suite\\20200812_145208\\1597215376273.png, C:\\Users\\LENOVO\\Git_new\\Maya\\Reports\\20200812_145208\\Maya UAT\\UAT Test Suite\\20200812_145208\\1597215388564.png, C:\\Users\\LENOVO\\Git_new\\Maya\\Reports\\20200812_145208\\Maya UAT\\UAT Test Suite\\20200812_145208\\1597215405927.png, C:\\Users\\LENOVO\\Git_new\\Maya\\Reports\\20200812_145208\\Maya UAT\\UAT Test Suite\\20200812_145208\\1597215431460.png"/>
         <property name="hostName" value="LENOVO - DESKTOP-CP3TV4N"/>
         <property name="os" value="Windows 10 64bit"/>
         <property name="appiumServerStatus" value="{\&quot;value\&quot;:{\&quot;build\&quot;:{\&quot;version\&quot;:\&quot;1.15.1\&quot;}},\&quot;sessionId\&quot;:null,\&quot;status\&quot;:0}"/>
         <property name="katalonVersion" value="7.2.7.1"/>
         <property name="deviceOS" value="Android"/>
         <property name="appiumVersion" value="1.15.1"/>
         <property name="deviceModel" value="Redmi Note 7S"/>
         <property name="hostAddress" value="192.168.0.101"/>
         <property name="deviceManufacturer" value="Xiaomi"/>
         <property name="deviceId" value="11cb9864"/>
         <property name="deviceName" value="Xiaomi Redmi Note 7S (Android 9)"/>
         <property name="deviceOSVersion" value="9"/>
      </properties>
      <testcase name="Test Cases/JINU/MAE Cards/MAE Card" time="306.794" classname="Test Cases/JINU/MAE Cards/MAE Card" status="FAILED">
         <failure type="FAILED" message="Test Cases/JINU/MAE Cards/MAE Card FAILED.
Reason:
com.kms.katalon.core.exception.StepFailedException: Object Object Repository/Maya/MAE Virtual Card/android.widget.TextView0 - Maybank2u not found
	at com.kms.katalon.core.keyword.internal.KeywordMain.stepFailed(KeywordMain.groovy:39)
	at com.kms.katalon.core.mobile.keyword.internal.MobileKeywordMain.stepFailed(MobileKeywordMain.groovy:40)
	at com.kms.katalon.core.mobile.keyword.builtin.TapKeyword$_tap_closure1.doCall(TapKeyword.groovy:79)
	at com.kms.katalon.core.mobile.keyword.builtin.TapKeyword$_tap_closure1.call(TapKeyword.groovy)
	at com.kms.katalon.core.mobile.keyword.internal.MobileKeywordMain.runKeyword(MobileKeywordMain.groovy:21)
	at com.kms.katalon.core.mobile.keyword.builtin.TapKeyword.tap(TapKeyword.groovy:86)
	at com.kms.katalon.core.mobile.keyword.builtin.TapKeyword.execute(TapKeyword.groovy:68)
	at com.kms.katalon.core.keyword.internal.KeywordExecutor.executeKeywordForPlatform(KeywordExecutor.groovy:72)
	at com.kms.katalon.core.mobile.keyword.MobileBuiltInKeywords.tap(MobileBuiltInKeywords.groovy:577)
	at com.kms.katalon.core.mobile.keyword.MobileBuiltInKeywords$tap$0.call(Unknown Source)
	at MAE Card.run(MAE Card:23)
	at com.kms.katalon.core.main.ScriptEngine.run(ScriptEngine.java:194)
	at com.kms.katalon.core.main.ScriptEngine.runScriptAsRawText(ScriptEngine.java:119)
	at com.kms.katalon.core.main.TestCaseExecutor.runScript(TestCaseExecutor.java:337)
	at com.kms.katalon.core.main.TestCaseExecutor.doExecute(TestCaseExecutor.java:328)
	at com.kms.katalon.core.main.TestCaseExecutor.processExecutionPhase(TestCaseExecutor.java:307)
	at com.kms.katalon.core.main.TestCaseExecutor.accessMainPhase(TestCaseExecutor.java:299)
	at com.kms.katalon.core.main.TestCaseExecutor.execute(TestCaseExecutor.java:233)
	at com.kms.katalon.core.main.TestSuiteExecutor.accessTestCaseMainPhase(TestSuiteExecutor.java:169)
	at com.kms.katalon.core.main.TestSuiteExecutor.accessTestSuiteMainPhase(TestSuiteExecutor.java:142)
	at com.kms.katalon.core.main.TestSuiteExecutor.execute(TestSuiteExecutor.java:91)
	at com.kms.katalon.core.main.TestCaseMain.startTestSuite(TestCaseMain.java:157)
	at com.kms.katalon.core.main.TestCaseMain$startTestSuite$0.call(Unknown Source)
	at TempTestSuite1597215128341.run(TempTestSuite1597215128341.groovy:36)
"/>
         <system-out><![CDATA[2020-08-12 14:52:14 - [TEST_CASE][FAILED] - Test Cases/JINU/MAE Cards/MAE Card: Test Cases/JINU/MAE Cards/MAE Card FAILED.
Reason:
com.kms.katalon.core.exception.StepFailedException: Object Object Repository/Maya/MAE Virtual Card/android.widget.TextView0 - Maybank2u not found
	at com.kms.katalon.core.keyword.internal.KeywordMain.stepFailed(KeywordMain.groovy:39)
	at com.kms.katalon.core.mobile.keyword.internal.MobileKeywordMain.stepFailed(MobileKeywordMain.groovy:40)
	at com.kms.katalon.core.mobile.keyword.builtin.TapKeyword$_tap_closure1.doCall(TapKeyword.groovy:79)
	at com.kms.katalon.core.mobile.keyword.builtin.TapKeyword$_tap_closure1.call(TapKeyword.groovy)
	at com.kms.katalon.core.mobile.keyword.internal.MobileKeywordMain.runKeyword(MobileKeywordMain.groovy:21)
	at com.kms.katalon.core.mobile.keyword.builtin.TapKeyword.tap(TapKeyword.groovy:86)
	at com.kms.katalon.core.mobile.keyword.builtin.TapKeyword.execute(TapKeyword.groovy:68)
	at com.kms.katalon.core.keyword.internal.KeywordExecutor.executeKeywordForPlatform(KeywordExecutor.groovy:72)
	at com.kms.katalon.core.mobile.keyword.MobileBuiltInKeywords.tap(MobileBuiltInKeywords.groovy:577)
	at com.kms.katalon.core.mobile.keyword.MobileBuiltInKeywords$tap$0.call(Unknown Source)
	at MAE Card.run(MAE Card:23)
	at com.kms.katalon.core.main.ScriptEngine.run(ScriptEngine.java:194)
	at com.kms.katalon.core.main.ScriptEngine.runScriptAsRawText(ScriptEngine.java:119)
	at com.kms.katalon.core.main.TestCaseExecutor.runScript(TestCaseExecutor.java:337)
	at com.kms.katalon.core.main.TestCaseExecutor.doExecute(TestCaseExecutor.java:328)
	at com.kms.katalon.core.main.TestCaseExecutor.processExecutionPhase(TestCaseExecutor.java:307)
	at com.kms.katalon.core.main.TestCaseExecutor.accessMainPhase(TestCaseExecutor.java:299)
	at com.kms.katalon.core.main.TestCaseExecutor.execute(TestCaseExecutor.java:233)
	at com.kms.katalon.core.main.TestSuiteExecutor.accessTestCaseMainPhase(TestSuiteExecutor.java:169)
	at com.kms.katalon.core.main.TestSuiteExecutor.accessTestSuiteMainPhase(TestSuiteExecutor.java:142)
	at com.kms.katalon.core.main.TestSuiteExecutor.execute(TestSuiteExecutor.java:91)
	at com.kms.katalon.core.main.TestCaseMain.startTestSuite(TestCaseMain.java:157)
	at com.kms.katalon.core.main.TestCaseMain$startTestSuite$0.call(Unknown Source)
	at TempTestSuite1597215128341.run(TempTestSuite1597215128341.groovy:36)


2020-08-12 14:52:15 - [TEST_STEP][PASSED] - startApplication("C:\Users\LENOVO\Katalon Studio\app-uat-universal-release.apk", false): Started app at: 'C:\Users\LENOVO\Katalon Studio\app-uat-universal-release.apk'

2020-08-12 14:52:15 - [MESSAGE][INFO] - User set preference: ['appWaitActivity', '*']

2020-08-12 14:52:15 - [MESSAGE][INFO] - User set preference: ['appWaitPackage', 'com.maybank2u.life.uat']

2020-08-12 14:52:15 - [MESSAGE][INFO] - User set preference: ['appWaitDuration', '50,000']

2020-08-12 14:52:15 - [MESSAGE][INFO] - User set preference: ['deviceId', '11cb9864']

2020-08-12 14:52:18 - [MESSAGE][INFO] - Appium server started on port 54,196

2020-08-12 14:52:44 - [MESSAGE][PASSED] - Started app at: 'C:\Users\LENOVO\Katalon Studio\app-uat-universal-release.apk'

2020-08-12 14:52:44 - [TEST_STEP][FAILED] - tap(findTestObject("Maya/MAE Virtual Card/android.widget.TextView0 - Maybank2u"), 0): Object Object Repository/Maya/MAE Virtual Card/android.widget.TextView0 - Maybank2u not found

2020-08-12 14:52:45 - [MESSAGE][WARNING] - Timeout '0' is invalid. Using default page load timeout: '10'

2020-08-12 14:52:57 - [MESSAGE][FAILED] - Object Object Repository/Maya/MAE Virtual Card/android.widget.TextView0 - Maybank2u not found
[[ATTACHMENT|C:\\Users\\LENOVO\\Git_new\\Maya\\Reports\\20200812_145208\\Maya UAT\\UAT Test Suite\\20200812_145208\\1597215175657.png]]

2020-08-12 14:52:57 - [TEST_STEP][FAILED] - tap(findTestObject("Maya/MAE Virtual Card/android.widget.TextView0 - 2"), 0): Object Object Repository/Maya/MAE Virtual Card/android.widget.TextView0 - 2 not found

2020-08-12 14:52:57 - [MESSAGE][WARNING] - Timeout '0' is invalid. Using default page load timeout: '10'

2020-08-12 14:53:11 - [MESSAGE][FAILED] - Object Object Repository/Maya/MAE Virtual Card/android.widget.TextView0 - 2 not found
[[ATTACHMENT|C:\\Users\\LENOVO\\Git_new\\Maya\\Reports\\20200812_145208\\Maya UAT\\UAT Test Suite\\20200812_145208\\1597215190969.png]]

2020-08-12 14:53:11 - [TEST_STEP][FAILED] - tap(findTestObject("Maya/MAE Virtual Card/android.widget.TextView0 - 3"), 0): Object Object Repository/Maya/MAE Virtual Card/android.widget.TextView0 - 3 not found

2020-08-12 14:53:12 - [MESSAGE][WARNING] - Timeout '0' is invalid. Using default page load timeout: '10'

2020-08-12 14:53:25 - [MESSAGE][FAILED] - Object Object Repository/Maya/MAE Virtual Card/android.widget.TextView0 - 3 not found
[[ATTACHMENT|C:\\Users\\LENOVO\\Git_new\\Maya\\Reports\\20200812_145208\\Maya UAT\\UAT Test Suite\\20200812_145208\\1597215203681.png]]

2020-08-12 14:53:25 - [TEST_STEP][FAILED] - tap(findTestObject("Maya/MAE Virtual Card/android.widget.TextView0 - 0"), 0): Object Object Repository/Maya/MAE Virtual Card/android.widget.TextView0 - 0 not found

2020-08-12 14:53:25 - [MESSAGE][WARNING] - Timeout '0' is invalid. Using default page load timeout: '10'

2020-08-12 14:53:36 - [MESSAGE][FAILED] - Object Object Repository/Maya/MAE Virtual Card/android.widget.TextView0 - 0 not found
[[ATTACHMENT|C:\\Users\\LENOVO\\Git_new\\Maya\\Reports\\20200812_145208\\Maya UAT\\UAT Test Suite\\20200812_145208\\1597215215865.png]]

2020-08-12 14:53:36 - [TEST_STEP][FAILED] - tap(findTestObject("Maya/MAE Virtual Card/android.widget.TextView0 - 9"), 0): Object Object Repository/Maya/MAE Virtual Card/android.widget.TextView0 - 9 not found

2020-08-12 14:53:36 - [MESSAGE][WARNING] - Timeout '0' is invalid. Using default page load timeout: '10'

2020-08-12 14:53:48 - [MESSAGE][FAILED] - Object Object Repository/Maya/MAE Virtual Card/android.widget.TextView0 - 9 not found
[[ATTACHMENT|C:\\Users\\LENOVO\\Git_new\\Maya\\Reports\\20200812_145208\\Maya UAT\\UAT Test Suite\\20200812_145208\\1597215227140.png]]

2020-08-12 14:53:48 - [TEST_STEP][FAILED] - tap(findTestObject("Maya/MAE Virtual Card/android.widget.TextView0 - 8"), 0): Object Object Repository/Maya/MAE Virtual Card/android.widget.TextView0 - 8 not found

2020-08-12 14:53:48 - [MESSAGE][WARNING] - Timeout '0' is invalid. Using default page load timeout: '10'

2020-08-12 14:54:00 - [MESSAGE][FAILED] - Object Object Repository/Maya/MAE Virtual Card/android.widget.TextView0 - 8 not found
[[ATTACHMENT|C:\\Users\\LENOVO\\Git_new\\Maya\\Reports\\20200812_145208\\Maya UAT\\UAT Test Suite\\20200812_145208\\1597215239098.png]]

2020-08-12 14:54:00 - [TEST_STEP][FAILED] - tap(findTestObject("Maya/MAE Virtual Card/android.widget.TextView0 - 3"), 0): Object Object Repository/Maya/MAE Virtual Card/android.widget.TextView0 - 3 not found

2020-08-12 14:54:00 - [MESSAGE][WARNING] - Timeout '0' is invalid. Using default page load timeout: '10'

2020-08-12 14:54:11 - [MESSAGE][FAILED] - Object Object Repository/Maya/MAE Virtual Card/android.widget.TextView0 - 3 not found
[[ATTACHMENT|C:\\Users\\LENOVO\\Git_new\\Maya\\Reports\\20200812_145208\\Maya UAT\\UAT Test Suite\\20200812_145208\\1597215250179.png]]

2020-08-12 14:54:11 - [TEST_STEP][FAILED] - tap(findTestObject("Maya/MAE Virtual Card/android.widget.TextView0 - MAE"), 0): Object Object Repository/Maya/MAE Virtual Card/android.widget.TextView0 - MAE not found

2020-08-12 14:54:11 - [MESSAGE][WARNING] - Timeout '0' is invalid. Using default page load timeout: '10'

2020-08-12 14:54:21 - [MESSAGE][FAILED] - Object Object Repository/Maya/MAE Virtual Card/android.widget.TextView0 - MAE not found
[[ATTACHMENT|C:\\Users\\LENOVO\\Git_new\\Maya\\Reports\\20200812_145208\\Maya UAT\\UAT Test Suite\\20200812_145208\\1597215261143.png]]

2020-08-12 14:54:21 - [TEST_STEP][PASSED] - tap(findTestObject("Maya/MAE Virtual Card/android.widget.ImageView0"), 0): Tapped on element 'Object Repository/Maya/MAE Virtual Card/android.widget.ImageView0'

2020-08-12 14:54:22 - [MESSAGE][WARNING] - Timeout '0' is invalid. Using default page load timeout: '10'

2020-08-12 14:54:25 - [MESSAGE][PASSED] - Tapped on element 'Object Repository/Maya/MAE Virtual Card/android.widget.ImageView0'

2020-08-12 14:54:25 - [TEST_STEP][FAILED] - tap(findTestObject("Maya/MAE Virtual Card/android.widget.TextView0 - CARDS"), 0): Object Object Repository/Maya/MAE Virtual Card/android.widget.TextView0 - CARDS not found

2020-08-12 14:54:25 - [MESSAGE][WARNING] - Timeout '0' is invalid. Using default page load timeout: '10'

2020-08-12 14:54:36 - [MESSAGE][FAILED] - Object Object Repository/Maya/MAE Virtual Card/android.widget.TextView0 - CARDS not found
[[ATTACHMENT|C:\\Users\\LENOVO\\Git_new\\Maya\\Reports\\20200812_145208\\Maya UAT\\UAT Test Suite\\20200812_145208\\1597215275497.png]]

2020-08-12 14:54:36 - [TEST_STEP][PASSED] - getText(findTestObject("Maya/MAE Virtual Card/android.widget.TextView0 - Maybank2u (1)"), 0): Text of element 'Object Repository/Maya/MAE Virtual Card/android.widget.TextView0 - Maybank2u (1)' is: 'Maybank2u'

2020-08-12 14:54:36 - [MESSAGE][WARNING] - Timeout '0' is invalid. Using default page load timeout: '10'

2020-08-12 14:54:46 - [MESSAGE][PASSED] - Text of element 'Object Repository/Maya/MAE Virtual Card/android.widget.TextView0 - Maybank2u (1)' is: 'Maybank2u'

2020-08-12 14:54:46 - [TEST_STEP][FAILED] - getText(findTestObject("Maya/MAE Virtual Card/android.widget.TextView0 - MAE Debit Card"), 0): Object Object Repository/Maya/MAE Virtual Card/android.widget.TextView0 - MAE Debit Card not found

2020-08-12 14:54:46 - [MESSAGE][WARNING] - Timeout '0' is invalid. Using default page load timeout: '10'

2020-08-12 14:54:58 - [MESSAGE][FAILED] - Object Object Repository/Maya/MAE Virtual Card/android.widget.TextView0 - MAE Debit Card not found
[[ATTACHMENT|C:\\Users\\LENOVO\\Git_new\\Maya\\Reports\\20200812_145208\\Maya UAT\\UAT Test Suite\\20200812_145208\\1597215297045.png]]

2020-08-12 14:54:58 - [TEST_STEP][FAILED] - getText(findTestObject("Maya/MAE Virtual Card/android.widget.TextView0 - 4283 3230 0010 8544"), 0): Object Object Repository/Maya/MAE Virtual Card/android.widget.TextView0 - 4283 3230 0010 8544 not found

2020-08-12 14:54:58 - [MESSAGE][WARNING] - Timeout '0' is invalid. Using default page load timeout: '10'

2020-08-12 14:55:09 - [MESSAGE][FAILED] - Object Object Repository/Maya/MAE Virtual Card/android.widget.TextView0 - 4283 3230 0010 8544 not found
[[ATTACHMENT|C:\\Users\\LENOVO\\Git_new\\Maya\\Reports\\20200812_145208\\Maya UAT\\UAT Test Suite\\20200812_145208\\1597215308151.png]]

2020-08-12 14:55:09 - [TEST_STEP][FAILED] - tap(findTestObject("Maya/MAE Virtual Card/android.widget.TextView0 - MAE Debit Card"), 0): Object Object Repository/Maya/MAE Virtual Card/android.widget.TextView0 - MAE Debit Card not found

2020-08-12 14:55:09 - [MESSAGE][WARNING] - Timeout '0' is invalid. Using default page load timeout: '10'

2020-08-12 14:55:21 - [MESSAGE][FAILED] - Object Object Repository/Maya/MAE Virtual Card/android.widget.TextView0 - MAE Debit Card not found
[[ATTACHMENT|C:\\Users\\LENOVO\\Git_new\\Maya\\Reports\\20200812_145208\\Maya UAT\\UAT Test Suite\\20200812_145208\\1597215320088.png]]

2020-08-12 14:55:21 - [TEST_STEP][FAILED] - getText(findTestObject("Maya/MAE Virtual Card/android.widget.TextView0 - 4283 3230 0010 8544 (1)"), 0): Object Object Repository/Maya/MAE Virtual Card/android.widget.TextView0 - 4283 3230 0010 8544 (1) not found

2020-08-12 14:55:21 - [MESSAGE][WARNING] - Timeout '0' is invalid. Using default page load timeout: '10'

2020-08-12 14:55:32 - [MESSAGE][FAILED] - Object Object Repository/Maya/MAE Virtual Card/android.widget.TextView0 - 4283 3230 0010 8544 (1) not found
[[ATTACHMENT|C:\\Users\\LENOVO\\Git_new\\Maya\\Reports\\20200812_145208\\Maya UAT\\UAT Test Suite\\20200812_145208\\1597215331359.png]]

2020-08-12 14:55:32 - [TEST_STEP][FAILED] - getText(findTestObject("Maya/MAE Virtual Card/android.widget.TextView0 - 1025"), 0): Object Object Repository/Maya/MAE Virtual Card/android.widget.TextView0 - 1025 not found

2020-08-12 14:55:32 - [MESSAGE][WARNING] - Timeout '0' is invalid. Using default page load timeout: '10'

2020-08-12 14:55:43 - [MESSAGE][FAILED] - Object Object Repository/Maya/MAE Virtual Card/android.widget.TextView0 - 1025 not found
[[ATTACHMENT|C:\\Users\\LENOVO\\Git_new\\Maya\\Reports\\20200812_145208\\Maya UAT\\UAT Test Suite\\20200812_145208\\1597215342359.png]]

2020-08-12 14:55:43 - [TEST_STEP][FAILED] - getText(findTestObject("Maya/MAE Virtual Card/android.widget.TextView0 - Card Management"), 0): Object Object Repository/Maya/MAE Virtual Card/android.widget.TextView0 - Card Management not found

2020-08-12 14:55:43 - [MESSAGE][WARNING] - Timeout '0' is invalid. Using default page load timeout: '10'

2020-08-12 14:55:54 - [MESSAGE][FAILED] - Object Object Repository/Maya/MAE Virtual Card/android.widget.TextView0 - Card Management not found
[[ATTACHMENT|C:\\Users\\LENOVO\\Git_new\\Maya\\Reports\\20200812_145208\\Maya UAT\\UAT Test Suite\\20200812_145208\\1597215353831.png]]

2020-08-12 14:55:54 - [TEST_STEP][FAILED] - getText(findTestObject("Maya/MAE Virtual Card/android.widget.TextView0 - Show CVV"), 0): Object Object Repository/Maya/MAE Virtual Card/android.widget.TextView0 - Show CVV not found

2020-08-12 14:55:54 - [MESSAGE][WARNING] - Timeout '0' is invalid. Using default page load timeout: '10'

2020-08-12 14:56:06 - [MESSAGE][FAILED] - Object Object Repository/Maya/MAE Virtual Card/android.widget.TextView0 - Show CVV not found
[[ATTACHMENT|C:\\Users\\LENOVO\\Git_new\\Maya\\Reports\\20200812_145208\\Maya UAT\\UAT Test Suite\\20200812_145208\\1597215365330.png]]

2020-08-12 14:56:06 - [TEST_STEP][FAILED] - getText(findTestObject("Maya/MAE Virtual Card/android.widget.TextView0 - Change Card PIN"), 0): Object Object Repository/Maya/MAE Virtual Card/android.widget.TextView0 - Change Card PIN not found

2020-08-12 14:56:06 - [MESSAGE][WARNING] - Timeout '0' is invalid. Using default page load timeout: '10'

2020-08-12 14:56:17 - [MESSAGE][FAILED] - Object Object Repository/Maya/MAE Virtual Card/android.widget.TextView0 - Change Card PIN not found
[[ATTACHMENT|C:\\Users\\LENOVO\\Git_new\\Maya\\Reports\\20200812_145208\\Maya UAT\\UAT Test Suite\\20200812_145208\\1597215376273.png]]

2020-08-12 14:56:17 - [TEST_STEP][FAILED] - getText(findTestObject("Maya/MAE Virtual Card/android.widget.TextView0 - Apply for Physical MAE Card"), 0): Object Object Repository/Maya/MAE Virtual Card/android.widget.TextView0 - Apply for Physical MAE Card not found

2020-08-12 14:56:17 - [MESSAGE][WARNING] - Timeout '0' is invalid. Using default page load timeout: '10'

2020-08-12 14:56:32 - [MESSAGE][FAILED] - Object Object Repository/Maya/MAE Virtual Card/android.widget.TextView0 - Apply for Physical MAE Card not found
[[ATTACHMENT|C:\\Users\\LENOVO\\Git_new\\Maya\\Reports\\20200812_145208\\Maya UAT\\UAT Test Suite\\20200812_145208\\1597215388564.png]]

2020-08-12 14:56:33 - [TEST_STEP][FAILED] - tap(findTestObject("Maya/MAE Virtual Card/android.widget.TextView0 - Show CVV"), 0): Object Object Repository/Maya/MAE Virtual Card/android.widget.TextView0 - Show CVV not found

2020-08-12 14:56:33 - [MESSAGE][WARNING] - Timeout '0' is invalid. Using default page load timeout: '10'

2020-08-12 14:56:47 - [MESSAGE][FAILED] - Object Object Repository/Maya/MAE Virtual Card/android.widget.TextView0 - Show CVV not found
[[ATTACHMENT|C:\\Users\\LENOVO\\Git_new\\Maya\\Reports\\20200812_145208\\Maya UAT\\UAT Test Suite\\20200812_145208\\1597215405927.png]]

2020-08-12 14:56:47 - [TEST_STEP][PASSED] - setText(findTestObject("Maya/login again/android.widget.EditText0 (1)"), "pass1234", 0): Text 'pass1234' has been set to element 'Object Repository/Maya/login again/android.widget.EditText0 (1)'

2020-08-12 14:56:47 - [MESSAGE][WARNING] - Timeout '0' is invalid. Using default page load timeout: '10'

2020-08-12 14:56:59 - [MESSAGE][PASSED] - Text 'pass1234' has been set to element 'Object Repository/Maya/login again/android.widget.EditText0 (1)'

2020-08-12 14:56:59 - [TEST_STEP][PASSED] - driver = getDriver(): null

2020-08-12 14:56:59 - [TEST_STEP][PASSED] - driver.pressKeyCode(ENTER): null

2020-08-12 14:57:00 - [TEST_STEP][NOT_RUN] - tap(findTestObject("Maya/Third Party CA account/android.widget.TextView0 - Your OTP no. is 460943"), 0): NOT_RUN: tap(findTestObject("Maya/Third Party CA account/android.widget.TextView0 - Your OTP no. is 460943"), 0)

2020-08-12 14:57:00 - [MESSAGE][NOT_RUN] - NOT_RUN: tap(findTestObject("Maya/Third Party CA account/android.widget.TextView0 - Your OTP no. is 460943"), 0)

2020-08-12 14:57:00 - [TEST_STEP][FAILED] - otpMessage = getText(findTestObject("Maya/MAE Virtual Card/android.widget.TextView0 - Your Otp no. is 247036"), 0): Object Object Repository/Maya/MAE Virtual Card/android.widget.TextView0 - Your Otp no. is 247036 not found

2020-08-12 14:57:00 - [MESSAGE][WARNING] - Timeout '0' is invalid. Using default page load timeout: '10'

2020-08-12 14:57:15 - [MESSAGE][FAILED] - Object Object Repository/Maya/MAE Virtual Card/android.widget.TextView0 - Your Otp no. is 247036 not found
[[ATTACHMENT|C:\\Users\\LENOVO\\Git_new\\Maya\\Reports\\20200812_145208\\Maya UAT\\UAT Test Suite\\20200812_145208\\1597215431460.png]]

2020-08-12 14:57:15 - [TEST_STEP][PASSED] - delay(2): Delayed 2 second(s)

2020-08-12 14:57:17 - [MESSAGE][PASSED] - Delayed 2 second(s)

2020-08-12 14:57:17 - [TEST_STEP][PASSED] - for ([i = 16, i <= 21, (i++)]): null

2020-08-12 14:57:17 - [TEST_STEP][PASSED] - delay(3, STOP_ON_FAILURE): Delayed 3 second(s)

2020-08-12 14:57:20 - [MESSAGE][PASSED] - Delayed 3 second(s)

2020-08-12 14:57:20 - [TEST_STEP][PASSED] - if (otpMessage[i] == "0"): null]]></system-out>
         <system-err><![CDATA[2020-08-12 14:52:14 - [TEST_CASE][FAILED] - Test Cases/JINU/MAE Cards/MAE Card: Test Cases/JINU/MAE Cards/MAE Card FAILED.
Reason:
com.kms.katalon.core.exception.StepFailedException: Object Object Repository/Maya/MAE Virtual Card/android.widget.TextView0 - Maybank2u not found
	at com.kms.katalon.core.keyword.internal.KeywordMain.stepFailed(KeywordMain.groovy:39)
	at com.kms.katalon.core.mobile.keyword.internal.MobileKeywordMain.stepFailed(MobileKeywordMain.groovy:40)
	at com.kms.katalon.core.mobile.keyword.builtin.TapKeyword$_tap_closure1.doCall(TapKeyword.groovy:79)
	at com.kms.katalon.core.mobile.keyword.builtin.TapKeyword$_tap_closure1.call(TapKeyword.groovy)
	at com.kms.katalon.core.mobile.keyword.internal.MobileKeywordMain.runKeyword(MobileKeywordMain.groovy:21)
	at com.kms.katalon.core.mobile.keyword.builtin.TapKeyword.tap(TapKeyword.groovy:86)
	at com.kms.katalon.core.mobile.keyword.builtin.TapKeyword.execute(TapKeyword.groovy:68)
	at com.kms.katalon.core.keyword.internal.KeywordExecutor.executeKeywordForPlatform(KeywordExecutor.groovy:72)
	at com.kms.katalon.core.mobile.keyword.MobileBuiltInKeywords.tap(MobileBuiltInKeywords.groovy:577)
	at com.kms.katalon.core.mobile.keyword.MobileBuiltInKeywords$tap$0.call(Unknown Source)
	at MAE Card.run(MAE Card:23)
	at com.kms.katalon.core.main.ScriptEngine.run(ScriptEngine.java:194)
	at com.kms.katalon.core.main.ScriptEngine.runScriptAsRawText(ScriptEngine.java:119)
	at com.kms.katalon.core.main.TestCaseExecutor.runScript(TestCaseExecutor.java:337)
	at com.kms.katalon.core.main.TestCaseExecutor.doExecute(TestCaseExecutor.java:328)
	at com.kms.katalon.core.main.TestCaseExecutor.processExecutionPhase(TestCaseExecutor.java:307)
	at com.kms.katalon.core.main.TestCaseExecutor.accessMainPhase(TestCaseExecutor.java:299)
	at com.kms.katalon.core.main.TestCaseExecutor.execute(TestCaseExecutor.java:233)
	at com.kms.katalon.core.main.TestSuiteExecutor.accessTestCaseMainPhase(TestSuiteExecutor.java:169)
	at com.kms.katalon.core.main.TestSuiteExecutor.accessTestSuiteMainPhase(TestSuiteExecutor.java:142)
	at com.kms.katalon.core.main.TestSuiteExecutor.execute(TestSuiteExecutor.java:91)
	at com.kms.katalon.core.main.TestCaseMain.startTestSuite(TestCaseMain.java:157)
	at com.kms.katalon.core.main.TestCaseMain$startTestSuite$0.call(Unknown Source)
	at TempTestSuite1597215128341.run(TempTestSuite1597215128341.groovy:36)]]></system-err>
      </testcase>
      <system-out><![CDATA[2020-08-12 14:52:13 - [TEST_SUITE][FAILED] - UAT Test Suite: Test Cases/JINU/MAE Cards/MAE Card FAILED.
Reason:
com.kms.katalon.core.exception.StepFailedException: Object Object Repository/Maya/MAE Virtual Card/android.widget.TextView0 - Maybank2u not found
	at com.kms.katalon.core.keyword.internal.KeywordMain.stepFailed(KeywordMain.groovy:39)
	at com.kms.katalon.core.mobile.keyword.internal.MobileKeywordMain.stepFailed(MobileKeywordMain.groovy:40)
	at com.kms.katalon.core.mobile.keyword.builtin.TapKeyword$_tap_closure1.doCall(TapKeyword.groovy:79)
	at com.kms.katalon.core.mobile.keyword.builtin.TapKeyword$_tap_closure1.call(TapKeyword.groovy)
	at com.kms.katalon.core.mobile.keyword.internal.MobileKeywordMain.runKeyword(MobileKeywordMain.groovy:21)
	at com.kms.katalon.core.mobile.keyword.builtin.TapKeyword.tap(TapKeyword.groovy:86)
	at com.kms.katalon.core.mobile.keyword.builtin.TapKeyword.execute(TapKeyword.groovy:68)
	at com.kms.katalon.core.keyword.internal.KeywordExecutor.executeKeywordForPlatform(KeywordExecutor.groovy:72)
	at com.kms.katalon.core.mobile.keyword.MobileBuiltInKeywords.tap(MobileBuiltInKeywords.groovy:577)
	at com.kms.katalon.core.mobile.keyword.MobileBuiltInKeywords$tap$0.call(Unknown Source)
	at MAE Card.run(MAE Card:23)
	at com.kms.katalon.core.main.ScriptEngine.run(ScriptEngine.java:194)
	at com.kms.katalon.core.main.ScriptEngine.runScriptAsRawText(ScriptEngine.java:119)
	at com.kms.katalon.core.main.TestCaseExecutor.runScript(TestCaseExecutor.java:337)
	at com.kms.katalon.core.main.TestCaseExecutor.doExecute(TestCaseExecutor.java:328)
	at com.kms.katalon.core.main.TestCaseExecutor.processExecutionPhase(TestCaseExecutor.java:307)
	at com.kms.katalon.core.main.TestCaseExecutor.accessMainPhase(TestCaseExecutor.java:299)
	at com.kms.katalon.core.main.TestCaseExecutor.execute(TestCaseExecutor.java:233)
	at com.kms.katalon.core.main.TestSuiteExecutor.accessTestCaseMainPhase(TestSuiteExecutor.java:169)
	at com.kms.katalon.core.main.TestSuiteExecutor.accessTestSuiteMainPhase(TestSuiteExecutor.java:142)
	at com.kms.katalon.core.main.TestSuiteExecutor.execute(TestSuiteExecutor.java:91)
	at com.kms.katalon.core.main.TestCaseMain.startTestSuite(TestCaseMain.java:157)
	at com.kms.katalon.core.main.TestCaseMain$startTestSuite$0.call(Unknown Source)
	at TempTestSuite1597215128341.run(TempTestSuite1597215128341.groovy:36)]]></system-out>
      <system-err><![CDATA[2020-08-12 14:52:13 - [TEST_SUITE][FAILED] - UAT Test Suite: Test Cases/JINU/MAE Cards/MAE Card FAILED.
Reason:
com.kms.katalon.core.exception.StepFailedException: Object Object Repository/Maya/MAE Virtual Card/android.widget.TextView0 - Maybank2u not found
	at com.kms.katalon.core.keyword.internal.KeywordMain.stepFailed(KeywordMain.groovy:39)
	at com.kms.katalon.core.mobile.keyword.internal.MobileKeywordMain.stepFailed(MobileKeywordMain.groovy:40)
	at com.kms.katalon.core.mobile.keyword.builtin.TapKeyword$_tap_closure1.doCall(TapKeyword.groovy:79)
	at com.kms.katalon.core.mobile.keyword.builtin.TapKeyword$_tap_closure1.call(TapKeyword.groovy)
	at com.kms.katalon.core.mobile.keyword.internal.MobileKeywordMain.runKeyword(MobileKeywordMain.groovy:21)
	at com.kms.katalon.core.mobile.keyword.builtin.TapKeyword.tap(TapKeyword.groovy:86)
	at com.kms.katalon.core.mobile.keyword.builtin.TapKeyword.execute(TapKeyword.groovy:68)
	at com.kms.katalon.core.keyword.internal.KeywordExecutor.executeKeywordForPlatform(KeywordExecutor.groovy:72)
	at com.kms.katalon.core.mobile.keyword.MobileBuiltInKeywords.tap(MobileBuiltInKeywords.groovy:577)
	at com.kms.katalon.core.mobile.keyword.MobileBuiltInKeywords$tap$0.call(Unknown Source)
	at MAE Card.run(MAE Card:23)
	at com.kms.katalon.core.main.ScriptEngine.run(ScriptEngine.java:194)
	at com.kms.katalon.core.main.ScriptEngine.runScriptAsRawText(ScriptEngine.java:119)
	at com.kms.katalon.core.main.TestCaseExecutor.runScript(TestCaseExecutor.java:337)
	at com.kms.katalon.core.main.TestCaseExecutor.doExecute(TestCaseExecutor.java:328)
	at com.kms.katalon.core.main.TestCaseExecutor.processExecutionPhase(TestCaseExecutor.java:307)
	at com.kms.katalon.core.main.TestCaseExecutor.accessMainPhase(TestCaseExecutor.java:299)
	at com.kms.katalon.core.main.TestCaseExecutor.execute(TestCaseExecutor.java:233)
	at com.kms.katalon.core.main.TestSuiteExecutor.accessTestCaseMainPhase(TestSuiteExecutor.java:169)
	at com.kms.katalon.core.main.TestSuiteExecutor.accessTestSuiteMainPhase(TestSuiteExecutor.java:142)
	at com.kms.katalon.core.main.TestSuiteExecutor.execute(TestSuiteExecutor.java:91)
	at com.kms.katalon.core.main.TestCaseMain.startTestSuite(TestCaseMain.java:157)
	at com.kms.katalon.core.main.TestCaseMain$startTestSuite$0.call(Unknown Source)
	at TempTestSuite1597215128341.run(TempTestSuite1597215128341.groovy:36)]]></system-err>
   </testsuite>
</testsuites>
