<?xml version="1.0" encoding="UTF-8"?>
<testsuites name="UAT Test Suite" time="1.442" tests="1" failures="0" errors="1">
   <testsuite name="UAT Test Suite" tests="1" failures="0" errors="1" time="1.442" timestamp="2020-08-06 16:54:55" hostname="LENOVO - DESKTOP-CP3TV4N" id="Test Suites/Maya UAT/UAT Test Suite">
      <properties>
         <property name="deviceName" value=""/>
         <property name="devicePlatform" value=""/>
         <property name="logFolder" value="C:\\Users\\LENOVO\\Git_new\\Maya\\Reports\\20200806_165452\\Maya UAT\\UAT Test Suite\\20200806_165452"/>
         <property name="logFiles" value="C:\\Users\\LENOVO\\Git_new\\Maya\\Reports\\20200806_165452\\Maya UAT\\UAT Test Suite\\20200806_165452\\execution0.log"/>
         <property name="attachments" value=""/>
         <property name="hostName" value="LENOVO - DESKTOP-CP3TV4N"/>
         <property name="hostAddress" value="192.168.43.112"/>
         <property name="os" value="Windows 10 64bit"/>
         <property name="katalonVersion" value="7.2.7.1"/>
      </properties>
      <testcase name="Test Cases/JINU/DuiTNow Drop 2/Nric Proxy" time="0.829" classname="Test Cases/JINU/DuiTNow Drop 2/Nric Proxy" status="ERROR">
         <error type="ERROR" message="Test Cases/JINU/DuiTNow Drop 2/Nric Proxy FAILED.
Reason:
org.codehaus.groovy.control.MultipleCompilationErrorsException: startup failed:
file:/C:/Users/LENOVO/Git_new/Maya/Scripts/JINU/DuiTNow%20Drop%202/Nric%20Proxy/Script1594559259248.groovy: 850: The current scope already contains a variable of the name otpMess
 @ line 850, column 5.
   def otpMess = Mobile.getText(findTestObject('Maya/Third Party CA account/android.widget.TextView0 - Your OTP no. is 460943'),
       ^

file:/C:/Users/LENOVO/Git_new/Maya/Scripts/JINU/DuiTNow%20Drop%202/Nric%20Proxy/Script1594559259248.groovy: 953: The current scope already contains a variable of the name otp
 @ line 953, column 5.
   def otp = Mobile.getText(findTestObject('Maya/Third Party CA account/android.widget.TextView0 - Your OTP no. is 460943'), 
       ^

file:/C:/Users/LENOVO/Git_new/Maya/Scripts/JINU/DuiTNow%20Drop%202/Nric%20Proxy/Script1594559259248.groovy: 1089: The current scope already contains a variable of the name otpM
 @ line 1089, column 5.
   def otpM = Mobile.getText(findTestObject('Maya/Third Party CA account/android.widget.TextView0 - Your OTP no. is 460943'), 
       ^

3 errors

	at com.kms.katalon.core.main.ScriptEngine.getScript(ScriptEngine.java:199)
	at com.kms.katalon.core.main.ScriptEngine.run(ScriptEngine.java:194)
	at com.kms.katalon.core.main.ScriptEngine.runScriptAsRawText(ScriptEngine.java:119)
	at com.kms.katalon.core.main.TestCaseExecutor.runScript(TestCaseExecutor.java:337)
	at com.kms.katalon.core.main.TestCaseExecutor.doExecute(TestCaseExecutor.java:328)
	at com.kms.katalon.core.main.TestCaseExecutor.processExecutionPhase(TestCaseExecutor.java:307)
	at com.kms.katalon.core.main.TestCaseExecutor.accessMainPhase(TestCaseExecutor.java:299)
	at com.kms.katalon.core.main.TestCaseExecutor.execute(TestCaseExecutor.java:233)
	at com.kms.katalon.core.main.TestSuiteExecutor.accessTestCaseMainPhase(TestSuiteExecutor.java:169)
	at com.kms.katalon.core.main.TestSuiteExecutor.accessTestSuiteMainPhase(TestSuiteExecutor.java:142)
	at com.kms.katalon.core.main.TestSuiteExecutor.execute(TestSuiteExecutor.java:91)
	at com.kms.katalon.core.main.TestCaseMain.startTestSuite(TestCaseMain.java:157)
	at com.kms.katalon.core.main.TestCaseMain$startTestSuite$0.call(Unknown Source)
	at TempTestSuite1596704092905.run(TempTestSuite1596704092905.groovy:36)
"/>
         <system-out><![CDATA[2020-08-06 16:54:55 - [TEST_CASE][ERROR] - Test Cases/JINU/DuiTNow Drop 2/Nric Proxy: Test Cases/JINU/DuiTNow Drop 2/Nric Proxy FAILED.
Reason:
org.codehaus.groovy.control.MultipleCompilationErrorsException: startup failed:
file:/C:/Users/LENOVO/Git_new/Maya/Scripts/JINU/DuiTNow%20Drop%202/Nric%20Proxy/Script1594559259248.groovy: 850: The current scope already contains a variable of the name otpMess
 @ line 850, column 5.
   def otpMess = Mobile.getText(findTestObject('Maya/Third Party CA account/android.widget.TextView0 - Your OTP no. is 460943'),
       ^

file:/C:/Users/LENOVO/Git_new/Maya/Scripts/JINU/DuiTNow%20Drop%202/Nric%20Proxy/Script1594559259248.groovy: 953: The current scope already contains a variable of the name otp
 @ line 953, column 5.
   def otp = Mobile.getText(findTestObject('Maya/Third Party CA account/android.widget.TextView0 - Your OTP no. is 460943'), 
       ^

file:/C:/Users/LENOVO/Git_new/Maya/Scripts/JINU/DuiTNow%20Drop%202/Nric%20Proxy/Script1594559259248.groovy: 1089: The current scope already contains a variable of the name otpM
 @ line 1089, column 5.
   def otpM = Mobile.getText(findTestObject('Maya/Third Party CA account/android.widget.TextView0 - Your OTP no. is 460943'), 
       ^

3 errors

	at com.kms.katalon.core.main.ScriptEngine.getScript(ScriptEngine.java:199)
	at com.kms.katalon.core.main.ScriptEngine.run(ScriptEngine.java:194)
	at com.kms.katalon.core.main.ScriptEngine.runScriptAsRawText(ScriptEngine.java:119)
	at com.kms.katalon.core.main.TestCaseExecutor.runScript(TestCaseExecutor.java:337)
	at com.kms.katalon.core.main.TestCaseExecutor.doExecute(TestCaseExecutor.java:328)
	at com.kms.katalon.core.main.TestCaseExecutor.processExecutionPhase(TestCaseExecutor.java:307)
	at com.kms.katalon.core.main.TestCaseExecutor.accessMainPhase(TestCaseExecutor.java:299)
	at com.kms.katalon.core.main.TestCaseExecutor.execute(TestCaseExecutor.java:233)
	at com.kms.katalon.core.main.TestSuiteExecutor.accessTestCaseMainPhase(TestSuiteExecutor.java:169)
	at com.kms.katalon.core.main.TestSuiteExecutor.accessTestSuiteMainPhase(TestSuiteExecutor.java:142)
	at com.kms.katalon.core.main.TestSuiteExecutor.execute(TestSuiteExecutor.java:91)
	at com.kms.katalon.core.main.TestCaseMain.startTestSuite(TestCaseMain.java:157)
	at com.kms.katalon.core.main.TestCaseMain$startTestSuite$0.call(Unknown Source)
	at TempTestSuite1596704092905.run(TempTestSuite1596704092905.groovy:36)]]></system-out>
         <system-err><![CDATA[2020-08-06 16:54:55 - [TEST_CASE][ERROR] - Test Cases/JINU/DuiTNow Drop 2/Nric Proxy: Test Cases/JINU/DuiTNow Drop 2/Nric Proxy FAILED.
Reason:
org.codehaus.groovy.control.MultipleCompilationErrorsException: startup failed:
file:/C:/Users/LENOVO/Git_new/Maya/Scripts/JINU/DuiTNow%20Drop%202/Nric%20Proxy/Script1594559259248.groovy: 850: The current scope already contains a variable of the name otpMess
 @ line 850, column 5.
   def otpMess = Mobile.getText(findTestObject('Maya/Third Party CA account/android.widget.TextView0 - Your OTP no. is 460943'),
       ^

file:/C:/Users/LENOVO/Git_new/Maya/Scripts/JINU/DuiTNow%20Drop%202/Nric%20Proxy/Script1594559259248.groovy: 953: The current scope already contains a variable of the name otp
 @ line 953, column 5.
   def otp = Mobile.getText(findTestObject('Maya/Third Party CA account/android.widget.TextView0 - Your OTP no. is 460943'), 
       ^

file:/C:/Users/LENOVO/Git_new/Maya/Scripts/JINU/DuiTNow%20Drop%202/Nric%20Proxy/Script1594559259248.groovy: 1089: The current scope already contains a variable of the name otpM
 @ line 1089, column 5.
   def otpM = Mobile.getText(findTestObject('Maya/Third Party CA account/android.widget.TextView0 - Your OTP no. is 460943'), 
       ^

3 errors

	at com.kms.katalon.core.main.ScriptEngine.getScript(ScriptEngine.java:199)
	at com.kms.katalon.core.main.ScriptEngine.run(ScriptEngine.java:194)
	at com.kms.katalon.core.main.ScriptEngine.runScriptAsRawText(ScriptEngine.java:119)
	at com.kms.katalon.core.main.TestCaseExecutor.runScript(TestCaseExecutor.java:337)
	at com.kms.katalon.core.main.TestCaseExecutor.doExecute(TestCaseExecutor.java:328)
	at com.kms.katalon.core.main.TestCaseExecutor.processExecutionPhase(TestCaseExecutor.java:307)
	at com.kms.katalon.core.main.TestCaseExecutor.accessMainPhase(TestCaseExecutor.java:299)
	at com.kms.katalon.core.main.TestCaseExecutor.execute(TestCaseExecutor.java:233)
	at com.kms.katalon.core.main.TestSuiteExecutor.accessTestCaseMainPhase(TestSuiteExecutor.java:169)
	at com.kms.katalon.core.main.TestSuiteExecutor.accessTestSuiteMainPhase(TestSuiteExecutor.java:142)
	at com.kms.katalon.core.main.TestSuiteExecutor.execute(TestSuiteExecutor.java:91)
	at com.kms.katalon.core.main.TestCaseMain.startTestSuite(TestCaseMain.java:157)
	at com.kms.katalon.core.main.TestCaseMain$startTestSuite$0.call(Unknown Source)
	at TempTestSuite1596704092905.run(TempTestSuite1596704092905.groovy:36)]]></system-err>
      </testcase>
      <system-out><![CDATA[2020-08-06 16:54:55 - [TEST_SUITE][ERROR] - UAT Test Suite: Test Cases/JINU/DuiTNow Drop 2/Nric Proxy FAILED.
Reason:
org.codehaus.groovy.control.MultipleCompilationErrorsException: startup failed:
file:/C:/Users/LENOVO/Git_new/Maya/Scripts/JINU/DuiTNow%20Drop%202/Nric%20Proxy/Script1594559259248.groovy: 850: The current scope already contains a variable of the name otpMess
 @ line 850, column 5.
   def otpMess = Mobile.getText(findTestObject('Maya/Third Party CA account/android.widget.TextView0 - Your OTP no. is 460943'),
       ^

file:/C:/Users/LENOVO/Git_new/Maya/Scripts/JINU/DuiTNow%20Drop%202/Nric%20Proxy/Script1594559259248.groovy: 953: The current scope already contains a variable of the name otp
 @ line 953, column 5.
   def otp = Mobile.getText(findTestObject('Maya/Third Party CA account/android.widget.TextView0 - Your OTP no. is 460943'), 
       ^

file:/C:/Users/LENOVO/Git_new/Maya/Scripts/JINU/DuiTNow%20Drop%202/Nric%20Proxy/Script1594559259248.groovy: 1089: The current scope already contains a variable of the name otpM
 @ line 1089, column 5.
   def otpM = Mobile.getText(findTestObject('Maya/Third Party CA account/android.widget.TextView0 - Your OTP no. is 460943'), 
       ^

3 errors

	at com.kms.katalon.core.main.ScriptEngine.getScript(ScriptEngine.java:199)
	at com.kms.katalon.core.main.ScriptEngine.run(ScriptEngine.java:194)
	at com.kms.katalon.core.main.ScriptEngine.runScriptAsRawText(ScriptEngine.java:119)
	at com.kms.katalon.core.main.TestCaseExecutor.runScript(TestCaseExecutor.java:337)
	at com.kms.katalon.core.main.TestCaseExecutor.doExecute(TestCaseExecutor.java:328)
	at com.kms.katalon.core.main.TestCaseExecutor.processExecutionPhase(TestCaseExecutor.java:307)
	at com.kms.katalon.core.main.TestCaseExecutor.accessMainPhase(TestCaseExecutor.java:299)
	at com.kms.katalon.core.main.TestCaseExecutor.execute(TestCaseExecutor.java:233)
	at com.kms.katalon.core.main.TestSuiteExecutor.accessTestCaseMainPhase(TestSuiteExecutor.java:169)
	at com.kms.katalon.core.main.TestSuiteExecutor.accessTestSuiteMainPhase(TestSuiteExecutor.java:142)
	at com.kms.katalon.core.main.TestSuiteExecutor.execute(TestSuiteExecutor.java:91)
	at com.kms.katalon.core.main.TestCaseMain.startTestSuite(TestCaseMain.java:157)
	at com.kms.katalon.core.main.TestCaseMain$startTestSuite$0.call(Unknown Source)
	at TempTestSuite1596704092905.run(TempTestSuite1596704092905.groovy:36)]]></system-out>
      <system-err><![CDATA[2020-08-06 16:54:55 - [TEST_SUITE][ERROR] - UAT Test Suite: Test Cases/JINU/DuiTNow Drop 2/Nric Proxy FAILED.
Reason:
org.codehaus.groovy.control.MultipleCompilationErrorsException: startup failed:
file:/C:/Users/LENOVO/Git_new/Maya/Scripts/JINU/DuiTNow%20Drop%202/Nric%20Proxy/Script1594559259248.groovy: 850: The current scope already contains a variable of the name otpMess
 @ line 850, column 5.
   def otpMess = Mobile.getText(findTestObject('Maya/Third Party CA account/android.widget.TextView0 - Your OTP no. is 460943'),
       ^

file:/C:/Users/LENOVO/Git_new/Maya/Scripts/JINU/DuiTNow%20Drop%202/Nric%20Proxy/Script1594559259248.groovy: 953: The current scope already contains a variable of the name otp
 @ line 953, column 5.
   def otp = Mobile.getText(findTestObject('Maya/Third Party CA account/android.widget.TextView0 - Your OTP no. is 460943'), 
       ^

file:/C:/Users/LENOVO/Git_new/Maya/Scripts/JINU/DuiTNow%20Drop%202/Nric%20Proxy/Script1594559259248.groovy: 1089: The current scope already contains a variable of the name otpM
 @ line 1089, column 5.
   def otpM = Mobile.getText(findTestObject('Maya/Third Party CA account/android.widget.TextView0 - Your OTP no. is 460943'), 
       ^

3 errors

	at com.kms.katalon.core.main.ScriptEngine.getScript(ScriptEngine.java:199)
	at com.kms.katalon.core.main.ScriptEngine.run(ScriptEngine.java:194)
	at com.kms.katalon.core.main.ScriptEngine.runScriptAsRawText(ScriptEngine.java:119)
	at com.kms.katalon.core.main.TestCaseExecutor.runScript(TestCaseExecutor.java:337)
	at com.kms.katalon.core.main.TestCaseExecutor.doExecute(TestCaseExecutor.java:328)
	at com.kms.katalon.core.main.TestCaseExecutor.processExecutionPhase(TestCaseExecutor.java:307)
	at com.kms.katalon.core.main.TestCaseExecutor.accessMainPhase(TestCaseExecutor.java:299)
	at com.kms.katalon.core.main.TestCaseExecutor.execute(TestCaseExecutor.java:233)
	at com.kms.katalon.core.main.TestSuiteExecutor.accessTestCaseMainPhase(TestSuiteExecutor.java:169)
	at com.kms.katalon.core.main.TestSuiteExecutor.accessTestSuiteMainPhase(TestSuiteExecutor.java:142)
	at com.kms.katalon.core.main.TestSuiteExecutor.execute(TestSuiteExecutor.java:91)
	at com.kms.katalon.core.main.TestCaseMain.startTestSuite(TestCaseMain.java:157)
	at com.kms.katalon.core.main.TestCaseMain$startTestSuite$0.call(Unknown Source)
	at TempTestSuite1596704092905.run(TempTestSuite1596704092905.groovy:36)]]></system-err>
   </testsuite>
</testsuites>
